Tue Mar  4 00:15:44 2025: Running xcd server. This server was built by gradle.
Tue Mar  4 00:15:44 2025: Server was asked to start on port: '43939'
Tue Mar  4 00:15:44 2025: Server is using token UUID: '1a89e29c-f8c0-11ef-a5b2-047c167c9f15'
Tue Mar  4 00:15:44 2025: SESSION_MGR: creating session with session uuid: '6d04a3e9-ade5-4ab9-8d63-1f78fcd2ec76' and name 'default'
Tue Mar  4 00:15:44 2025: Attempting to start server on port '43939'
Tue Mar  4 00:15:44 2025: XCD main fifo: created main fifo '/tmp/xcdmain1a89e29c-f8c0-11ef-a5b2-047c167c9f15', fd read = 11
Tue Mar  4 00:15:44 2025: Running Dispatch Server
Tue Mar  4 00:15:44 2025: Version 2.2.0
Tue Mar  4 00:15:44 2025: Dispatch Server: Accepted socket connection from client
Tue Mar  4 00:15:44 2025: Starting Socket connection
Tue Mar  4 00:15:44 2025: EXCHANGE_TOKEN received, server token: 1a89e29c-f8c0-11ef-a5b2-047c167c9f15, passed token: 1a89e29c-f8c0-11ef-a5b2-047c167c9f15
Tue Mar  4 00:15:44 2025: SESSION_MGR: creating session with session uuid: 'fb913f5f-8157-436b-b4b5-1eeacbe81636' and name 'Code Analyzer'
Tue Mar  4 00:15:44 2025: KERNEL_SVC: creating session with uuid: 'fb913f5f-8157-436b-b4b5-1eeacbe81636' and name 'Code Analyzer'
Tue Mar  4 00:15:44 2025: GUIDANCE_SMGR: creating guidance session with uuid: 'fb913f5f-8157-436b-b4b5-1eeacbe81636' and name 'Code Analyzer'
Tue Mar  4 00:15:44 2025: SESSION_MGR: closing session for UUID 'fb913f5f-8157-436b-b4b5-1eeacbe81636' with name ''
Tue Mar  4 00:15:44 2025: KERNEL_SVC: closing session for UUID 'fb913f5f-8157-436b-b4b5-1eeacbe81636' with name ''
Tue Mar  4 00:15:44 2025: GUIDANCE_SMGR: closing session for UUID 'fb913f5f-8157-436b-b4b5-1eeacbe81636' with name ''
Tue Mar  4 00:15:44 2025: STOP_SERVER received, server token: 1a89e29c-f8c0-11ef-a5b2-047c167c9f15, passed token: 1a89e29c-f8c0-11ef-a5b2-047c167c9f15
Tue Mar  4 00:15:44 2025: Socket received request to stop server.
Tue Mar  4 00:15:44 2025: Dispatch Server: do_await_stop
Tue Mar  4 00:15:44 2025: Dispatch Server: stopping mainFifo_
Tue Mar  4 00:15:44 2025: XCD main fifo: Stopping
Tue Mar  4 00:15:44 2025: XCD main fifo: do_read error code: Operation canceled
Tue Mar  4 00:15:44 2025: XCD main fifo: bytes_transferred: 0
Tue Mar  4 00:15:44 2025: SERVER: destructor for server bound to port 43939
Tue Mar  4 00:15:44 2025: XCD main fifo: Good unlink of /tmp/xcdmain1a89e29c-f8c0-11ef-a5b2-047c167c9f15
Tue Mar  4 00:15:44 2025: Server exiting with status 0.
Tue Mar  4 00:15:44 2025: Closing log file.
Tue Mar  4 00:18:14 2025: Running xcd server. This server was built by gradle.
Tue Mar  4 00:18:14 2025: Server was asked to start on port: '59415'
Tue Mar  4 00:18:14 2025: Server is using token UUID: '74764d5e-f8c0-11ef-ae6e-047c167c9f15'
Tue Mar  4 00:18:14 2025: SESSION_MGR: creating session with session uuid: '6d04a3e9-ade5-4ab9-8d63-1f78fcd2ec76' and name 'default'
Tue Mar  4 00:18:14 2025: Attempting to start server on port '59415'
Tue Mar  4 00:18:14 2025: XCD main fifo: created main fifo '/tmp/xcdmain74764d5e-f8c0-11ef-ae6e-047c167c9f15', fd read = 11
Tue Mar  4 00:18:14 2025: Running Dispatch Server
Tue Mar  4 00:18:14 2025: Version 2.2.0
Tue Mar  4 00:18:15 2025: Dispatch Server: Accepted socket connection from client
Tue Mar  4 00:18:15 2025: Starting Socket connection
Tue Mar  4 00:18:15 2025: EXCHANGE_TOKEN received, server token: 74764d5e-f8c0-11ef-ae6e-047c167c9f15, passed token: 74764d5e-f8c0-11ef-ae6e-047c167c9f15
Tue Mar  4 00:18:15 2025: SESSION_MGR: creating session with session uuid: 'e6a60e93-ed89-4128-91dc-3f8866fcf782' and name 'Code Analyzer'
Tue Mar  4 00:18:15 2025: KERNEL_SVC: creating session with uuid: 'e6a60e93-ed89-4128-91dc-3f8866fcf782' and name 'Code Analyzer'
Tue Mar  4 00:18:15 2025: GUIDANCE_SMGR: creating guidance session with uuid: 'e6a60e93-ed89-4128-91dc-3f8866fcf782' and name 'Code Analyzer'
Tue Mar  4 00:18:15 2025: SESSION_MGR: closing session for UUID 'e6a60e93-ed89-4128-91dc-3f8866fcf782' with name ''
Tue Mar  4 00:18:15 2025: KERNEL_SVC: closing session for UUID 'e6a60e93-ed89-4128-91dc-3f8866fcf782' with name ''
Tue Mar  4 00:18:15 2025: GUIDANCE_SMGR: closing session for UUID 'e6a60e93-ed89-4128-91dc-3f8866fcf782' with name ''
Tue Mar  4 00:18:15 2025: STOP_SERVER received, server token: 74764d5e-f8c0-11ef-ae6e-047c167c9f15, passed token: 74764d5e-f8c0-11ef-ae6e-047c167c9f15
Tue Mar  4 00:18:15 2025: Socket received request to stop server.
Tue Mar  4 00:18:15 2025: Dispatch Server: do_await_stop
Tue Mar  4 00:18:15 2025: Dispatch Server: stopping mainFifo_
Tue Mar  4 00:18:15 2025: XCD main fifo: Stopping
Tue Mar  4 00:18:15 2025: XCD main fifo: do_read error code: Operation canceled
Tue Mar  4 00:18:15 2025: XCD main fifo: bytes_transferred: 0
Tue Mar  4 00:18:15 2025: SERVER: destructor for server bound to port 59415
Tue Mar  4 00:18:15 2025: XCD main fifo: Good unlink of /tmp/xcdmain74764d5e-f8c0-11ef-ae6e-047c167c9f15
Tue Mar  4 00:18:15 2025: Server exiting with status 0.
Tue Mar  4 00:18:15 2025: Closing log file.
Tue Mar  4 00:29:50 2025: Running xcd server. This server was built by gradle.
Tue Mar  4 00:29:50 2025: Server was asked to start on port: '55765'
Tue Mar  4 00:29:50 2025: Server is using token UUID: '13428c58-f8c2-11ef-8e53-047c167c9f15'
Tue Mar  4 00:29:50 2025: SESSION_MGR: creating session with session uuid: '6d04a3e9-ade5-4ab9-8d63-1f78fcd2ec76' and name 'default'
Tue Mar  4 00:29:50 2025: Attempting to start server on port '55765'
Tue Mar  4 00:29:50 2025: XCD main fifo: created main fifo '/tmp/xcdmain13428c58-f8c2-11ef-8e53-047c167c9f15', fd read = 11
Tue Mar  4 00:29:50 2025: Running Dispatch Server
Tue Mar  4 00:29:50 2025: Version 2.2.0
Tue Mar  4 00:29:50 2025: Dispatch Server: Accepted socket connection from client
Tue Mar  4 00:29:50 2025: Starting Socket connection
Tue Mar  4 00:29:50 2025: EXCHANGE_TOKEN received, server token: 13428c58-f8c2-11ef-8e53-047c167c9f15, passed token: 13428c58-f8c2-11ef-8e53-047c167c9f15
Tue Mar  4 00:29:50 2025: SESSION_MGR: creating session with session uuid: '5f336b99-0c78-4406-885a-d8033f480910' and name 'Code Analyzer'
Tue Mar  4 00:29:50 2025: KERNEL_SVC: creating session with uuid: '5f336b99-0c78-4406-885a-d8033f480910' and name 'Code Analyzer'
Tue Mar  4 00:29:50 2025: GUIDANCE_SMGR: creating guidance session with uuid: '5f336b99-0c78-4406-885a-d8033f480910' and name 'Code Analyzer'
Tue Mar  4 00:29:51 2025: SESSION_MGR: closing session for UUID '5f336b99-0c78-4406-885a-d8033f480910' with name ''
Tue Mar  4 00:29:51 2025: KERNEL_SVC: closing session for UUID '5f336b99-0c78-4406-885a-d8033f480910' with name ''
Tue Mar  4 00:29:51 2025: GUIDANCE_SMGR: closing session for UUID '5f336b99-0c78-4406-885a-d8033f480910' with name ''
Tue Mar  4 00:29:51 2025: STOP_SERVER received, server token: 13428c58-f8c2-11ef-8e53-047c167c9f15, passed token: 13428c58-f8c2-11ef-8e53-047c167c9f15
Tue Mar  4 00:29:51 2025: Socket received request to stop server.
Tue Mar  4 00:29:51 2025: Dispatch Server: do_await_stop
Tue Mar  4 00:29:51 2025: Dispatch Server: stopping mainFifo_
Tue Mar  4 00:29:51 2025: XCD main fifo: Stopping
Tue Mar  4 00:29:51 2025: XCD main fifo: do_read error code: Operation canceled
Tue Mar  4 00:29:51 2025: XCD main fifo: bytes_transferred: 0
Tue Mar  4 00:29:51 2025: SERVER: destructor for server bound to port 55765
Tue Mar  4 00:29:51 2025: XCD main fifo: Good unlink of /tmp/xcdmain13428c58-f8c2-11ef-8e53-047c167c9f15
Tue Mar  4 00:29:51 2025: Server exiting with status 0.
Tue Mar  4 00:29:51 2025: Closing log file.
Tue Mar  4 00:37:31 2025: Running xcd server. This server was built by gradle.
Tue Mar  4 00:37:31 2025: Server was asked to start on port: '43743'
Tue Mar  4 00:37:31 2025: Server is using token UUID: '26152d4e-f8c3-11ef-a11f-047c167c9f15'
Tue Mar  4 00:37:31 2025: SESSION_MGR: creating session with session uuid: '6d04a3e9-ade5-4ab9-8d63-1f78fcd2ec76' and name 'default'
Tue Mar  4 00:37:31 2025: Attempting to start server on port '43743'
Tue Mar  4 00:37:31 2025: XCD main fifo: created main fifo '/tmp/xcdmain26152d4e-f8c3-11ef-a11f-047c167c9f15', fd read = 11
Tue Mar  4 00:37:31 2025: Running Dispatch Server
Tue Mar  4 00:37:31 2025: Version 2.2.0
Tue Mar  4 00:37:32 2025: Dispatch Server: Accepted socket connection from client
Tue Mar  4 00:37:32 2025: Starting Socket connection
Tue Mar  4 00:37:32 2025: EXCHANGE_TOKEN received, server token: 26152d4e-f8c3-11ef-a11f-047c167c9f15, passed token: 26152d4e-f8c3-11ef-a11f-047c167c9f15
Tue Mar  4 00:37:32 2025: SESSION_MGR: creating session with session uuid: 'cb4433c5-8ed4-41f3-b716-18a286aace3f' and name 'Code Analyzer'
Tue Mar  4 00:37:32 2025: KERNEL_SVC: creating session with uuid: 'cb4433c5-8ed4-41f3-b716-18a286aace3f' and name 'Code Analyzer'
Tue Mar  4 00:37:32 2025: GUIDANCE_SMGR: creating guidance session with uuid: 'cb4433c5-8ed4-41f3-b716-18a286aace3f' and name 'Code Analyzer'
Tue Mar  4 00:37:32 2025: SESSION_MGR: closing session for UUID 'cb4433c5-8ed4-41f3-b716-18a286aace3f' with name ''
Tue Mar  4 00:37:32 2025: KERNEL_SVC: closing session for UUID 'cb4433c5-8ed4-41f3-b716-18a286aace3f' with name ''
Tue Mar  4 00:37:32 2025: GUIDANCE_SMGR: closing session for UUID 'cb4433c5-8ed4-41f3-b716-18a286aace3f' with name ''
Tue Mar  4 00:37:32 2025: STOP_SERVER received, server token: 26152d4e-f8c3-11ef-a11f-047c167c9f15, passed token: 26152d4e-f8c3-11ef-a11f-047c167c9f15
Tue Mar  4 00:37:32 2025: Socket received request to stop server.
Tue Mar  4 00:37:32 2025: Dispatch Server: do_await_stop
Tue Mar  4 00:37:32 2025: Dispatch Server: stopping mainFifo_
Tue Mar  4 00:37:32 2025: XCD main fifo: Stopping
Tue Mar  4 00:37:32 2025: XCD main fifo: do_read error code: Operation canceled
Tue Mar  4 00:37:32 2025: XCD main fifo: bytes_transferred: 0
Tue Mar  4 00:37:32 2025: SERVER: destructor for server bound to port 43743
Tue Mar  4 00:37:32 2025: XCD main fifo: Good unlink of /tmp/xcdmain26152d4e-f8c3-11ef-a11f-047c167c9f15
Tue Mar  4 00:37:32 2025: Server exiting with status 0.
Tue Mar  4 00:37:32 2025: Closing log file.
Tue Mar  4 00:49:36 2025: Running xcd server. This server was built by gradle.
Tue Mar  4 00:49:36 2025: Server was asked to start on port: '55575'
Tue Mar  4 00:49:36 2025: Server is using token UUID: 'd5cfa2d6-f8c4-11ef-8664-047c167c9f15'
Tue Mar  4 00:49:36 2025: SESSION_MGR: creating session with session uuid: '6d04a3e9-ade5-4ab9-8d63-1f78fcd2ec76' and name 'default'
Tue Mar  4 00:49:36 2025: Attempting to start server on port '55575'
Tue Mar  4 00:49:36 2025: XCD main fifo: created main fifo '/tmp/xcdmaind5cfa2d6-f8c4-11ef-8664-047c167c9f15', fd read = 11
Tue Mar  4 00:49:36 2025: Running Dispatch Server
Tue Mar  4 00:49:36 2025: Version 2.2.0
Tue Mar  4 00:49:36 2025: Dispatch Server: Accepted socket connection from client
Tue Mar  4 00:49:36 2025: Starting Socket connection
Tue Mar  4 00:49:36 2025: EXCHANGE_TOKEN received, server token: d5cfa2d6-f8c4-11ef-8664-047c167c9f15, passed token: d5cfa2d6-f8c4-11ef-8664-047c167c9f15
Tue Mar  4 00:49:36 2025: SESSION_MGR: creating session with session uuid: '7d129fa2-f908-4106-90f5-0da69a79fcc5' and name 'Code Analyzer'
Tue Mar  4 00:49:36 2025: KERNEL_SVC: creating session with uuid: '7d129fa2-f908-4106-90f5-0da69a79fcc5' and name 'Code Analyzer'
Tue Mar  4 00:49:36 2025: GUIDANCE_SMGR: creating guidance session with uuid: '7d129fa2-f908-4106-90f5-0da69a79fcc5' and name 'Code Analyzer'
Tue Mar  4 00:49:36 2025: SESSION_MGR: closing session for UUID '7d129fa2-f908-4106-90f5-0da69a79fcc5' with name ''
Tue Mar  4 00:49:36 2025: KERNEL_SVC: closing session for UUID '7d129fa2-f908-4106-90f5-0da69a79fcc5' with name ''
Tue Mar  4 00:49:36 2025: GUIDANCE_SMGR: closing session for UUID '7d129fa2-f908-4106-90f5-0da69a79fcc5' with name ''
Tue Mar  4 00:49:36 2025: STOP_SERVER received, server token: d5cfa2d6-f8c4-11ef-8664-047c167c9f15, passed token: d5cfa2d6-f8c4-11ef-8664-047c167c9f15
Tue Mar  4 00:49:36 2025: Socket received request to stop server.
Tue Mar  4 00:49:36 2025: Dispatch Server: do_await_stop
Tue Mar  4 00:49:36 2025: Dispatch Server: stopping mainFifo_
Tue Mar  4 00:49:36 2025: XCD main fifo: Stopping
Tue Mar  4 00:49:36 2025: XCD main fifo: do_read error code: Operation canceled
Tue Mar  4 00:49:36 2025: XCD main fifo: bytes_transferred: 0
Tue Mar  4 00:49:36 2025: SERVER: destructor for server bound to port 55575
Tue Mar  4 00:49:36 2025: XCD main fifo: Good unlink of /tmp/xcdmaind5cfa2d6-f8c4-11ef-8664-047c167c9f15
Tue Mar  4 00:49:36 2025: Server exiting with status 0.
Tue Mar  4 00:49:36 2025: Closing log file.
Tue Mar  4 00:50:56 2025: Running xcd server. This server was built by gradle.
Tue Mar  4 00:50:56 2025: Server was asked to start on port: '47019'
Tue Mar  4 00:50:56 2025: Server is using token UUID: '055ec450-f8c5-11ef-b6de-047c167c9f15'
Tue Mar  4 00:50:56 2025: SESSION_MGR: creating session with session uuid: '6d04a3e9-ade5-4ab9-8d63-1f78fcd2ec76' and name 'default'
Tue Mar  4 00:50:56 2025: Attempting to start server on port '47019'
Tue Mar  4 00:50:56 2025: XCD main fifo: created main fifo '/tmp/xcdmain055ec450-f8c5-11ef-b6de-047c167c9f15', fd read = 11
Tue Mar  4 00:50:56 2025: Running Dispatch Server
Tue Mar  4 00:50:56 2025: Version 2.2.0
Tue Mar  4 00:50:56 2025: Dispatch Server: Accepted socket connection from client
Tue Mar  4 00:50:56 2025: Starting Socket connection
Tue Mar  4 00:50:56 2025: EXCHANGE_TOKEN received, server token: 055ec450-f8c5-11ef-b6de-047c167c9f15, passed token: 055ec450-f8c5-11ef-b6de-047c167c9f15
Tue Mar  4 00:50:56 2025: SESSION_MGR: creating session with session uuid: '5fd628fd-ccfe-4355-959b-858980c7586f' and name 'Code Analyzer'
Tue Mar  4 00:50:56 2025: KERNEL_SVC: creating session with uuid: '5fd628fd-ccfe-4355-959b-858980c7586f' and name 'Code Analyzer'
Tue Mar  4 00:50:56 2025: GUIDANCE_SMGR: creating guidance session with uuid: '5fd628fd-ccfe-4355-959b-858980c7586f' and name 'Code Analyzer'
Tue Mar  4 00:50:56 2025: SESSION_MGR: closing session for UUID '5fd628fd-ccfe-4355-959b-858980c7586f' with name ''
Tue Mar  4 00:50:56 2025: KERNEL_SVC: closing session for UUID '5fd628fd-ccfe-4355-959b-858980c7586f' with name ''
Tue Mar  4 00:50:56 2025: GUIDANCE_SMGR: closing session for UUID '5fd628fd-ccfe-4355-959b-858980c7586f' with name ''
Tue Mar  4 00:50:56 2025: STOP_SERVER received, server token: 055ec450-f8c5-11ef-b6de-047c167c9f15, passed token: 055ec450-f8c5-11ef-b6de-047c167c9f15
Tue Mar  4 00:50:56 2025: Socket received request to stop server.
Tue Mar  4 00:50:56 2025: Dispatch Server: do_await_stop
Tue Mar  4 00:50:56 2025: Dispatch Server: stopping mainFifo_
Tue Mar  4 00:50:56 2025: XCD main fifo: Stopping
Tue Mar  4 00:50:56 2025: XCD main fifo: do_read error code: Operation canceled
Tue Mar  4 00:50:56 2025: XCD main fifo: bytes_transferred: 0
Tue Mar  4 00:50:56 2025: SERVER: destructor for server bound to port 47019
Tue Mar  4 00:50:56 2025: XCD main fifo: Good unlink of /tmp/xcdmain055ec450-f8c5-11ef-b6de-047c167c9f15
Tue Mar  4 00:50:56 2025: Server exiting with status 0.
Tue Mar  4 00:50:56 2025: Closing log file.
Tue Mar  4 00:51:38 2025: Running xcd server. This server was built by gradle.
Tue Mar  4 00:51:38 2025: Server was asked to start on port: '49365'
Tue Mar  4 00:51:38 2025: Server is using token UUID: '1ebc02d2-f8c5-11ef-9a1d-047c167c9f15'
Tue Mar  4 00:51:38 2025: SESSION_MGR: creating session with session uuid: '6d04a3e9-ade5-4ab9-8d63-1f78fcd2ec76' and name 'default'
Tue Mar  4 00:51:38 2025: Attempting to start server on port '49365'
Tue Mar  4 00:51:38 2025: XCD main fifo: created main fifo '/tmp/xcdmain1ebc02d2-f8c5-11ef-9a1d-047c167c9f15', fd read = 11
Tue Mar  4 00:51:38 2025: Running Dispatch Server
Tue Mar  4 00:51:38 2025: Version 2.2.0
Tue Mar  4 00:51:38 2025: Dispatch Server: Accepted socket connection from client
Tue Mar  4 00:51:38 2025: Starting Socket connection
Tue Mar  4 00:51:38 2025: EXCHANGE_TOKEN received, server token: 1ebc02d2-f8c5-11ef-9a1d-047c167c9f15, passed token: 1ebc02d2-f8c5-11ef-9a1d-047c167c9f15
Tue Mar  4 00:51:38 2025: SESSION_MGR: creating session with session uuid: '1a047cfc-e2c1-4da0-bfcb-a5a8865a91aa' and name 'Code Analyzer'
Tue Mar  4 00:51:38 2025: KERNEL_SVC: creating session with uuid: '1a047cfc-e2c1-4da0-bfcb-a5a8865a91aa' and name 'Code Analyzer'
Tue Mar  4 00:51:38 2025: GUIDANCE_SMGR: creating guidance session with uuid: '1a047cfc-e2c1-4da0-bfcb-a5a8865a91aa' and name 'Code Analyzer'
Tue Mar  4 00:51:39 2025: SESSION_MGR: closing session for UUID '1a047cfc-e2c1-4da0-bfcb-a5a8865a91aa' with name ''
Tue Mar  4 00:51:39 2025: KERNEL_SVC: closing session for UUID '1a047cfc-e2c1-4da0-bfcb-a5a8865a91aa' with name ''
Tue Mar  4 00:51:39 2025: GUIDANCE_SMGR: closing session for UUID '1a047cfc-e2c1-4da0-bfcb-a5a8865a91aa' with name ''
Tue Mar  4 00:51:39 2025: STOP_SERVER received, server token: 1ebc02d2-f8c5-11ef-9a1d-047c167c9f15, passed token: 1ebc02d2-f8c5-11ef-9a1d-047c167c9f15
Tue Mar  4 00:51:39 2025: Socket received request to stop server.
Tue Mar  4 00:51:39 2025: Dispatch Server: do_await_stop
Tue Mar  4 00:51:39 2025: Dispatch Server: stopping mainFifo_
Tue Mar  4 00:51:39 2025: XCD main fifo: Stopping
Tue Mar  4 00:51:39 2025: XCD main fifo: do_read error code: Operation canceled
Tue Mar  4 00:51:39 2025: XCD main fifo: bytes_transferred: 0
Tue Mar  4 00:51:39 2025: SERVER: destructor for server bound to port 49365
Tue Mar  4 00:51:39 2025: XCD main fifo: Good unlink of /tmp/xcdmain1ebc02d2-f8c5-11ef-9a1d-047c167c9f15
Tue Mar  4 00:51:39 2025: Server exiting with status 0.
Tue Mar  4 00:51:39 2025: Closing log file.
Mon Mar 10 22:31:44 2025: Running xcd server. This server was built by gradle.
Mon Mar 10 22:31:44 2025: Server was asked to start on port: '56313'
Mon Mar 10 22:31:44 2025: Server is using token UUID: '5a680ab0-fe29-11ef-9f39-047c167c9f15'
Mon Mar 10 22:31:44 2025: SESSION_MGR: creating session with session uuid: '6d04a3e9-ade5-4ab9-8d63-1f78fcd2ec76' and name 'default'
Mon Mar 10 22:31:44 2025: Attempting to start server on port '56313'
Mon Mar 10 22:31:44 2025: XCD main fifo: created main fifo '/tmp/xcdmain5a680ab0-fe29-11ef-9f39-047c167c9f15', fd read = 11
Mon Mar 10 22:31:44 2025: Running Dispatch Server
Mon Mar 10 22:31:44 2025: Version 2.2.0
Mon Mar 10 22:31:44 2025: Dispatch Server: Accepted socket connection from client
Mon Mar 10 22:31:44 2025: Starting Socket connection
Mon Mar 10 22:31:44 2025: EXCHANGE_TOKEN received, server token: 5a680ab0-fe29-11ef-9f39-047c167c9f15, passed token: 5a680ab0-fe29-11ef-9f39-047c167c9f15
Mon Mar 10 22:31:44 2025: SESSION_MGR: creating session with session uuid: 'e9ecaa38-f0be-48aa-9d69-bc54a5ebd02f' and name 'Code Analyzer'
Mon Mar 10 22:31:44 2025: KERNEL_SVC: creating session with uuid: 'e9ecaa38-f0be-48aa-9d69-bc54a5ebd02f' and name 'Code Analyzer'
Mon Mar 10 22:31:44 2025: GUIDANCE_SMGR: creating guidance session with uuid: 'e9ecaa38-f0be-48aa-9d69-bc54a5ebd02f' and name 'Code Analyzer'
Mon Mar 10 22:31:44 2025: SESSION_MGR: closing session for UUID 'e9ecaa38-f0be-48aa-9d69-bc54a5ebd02f' with name ''
Mon Mar 10 22:31:44 2025: KERNEL_SVC: closing session for UUID 'e9ecaa38-f0be-48aa-9d69-bc54a5ebd02f' with name ''
Mon Mar 10 22:31:44 2025: GUIDANCE_SMGR: closing session for UUID 'e9ecaa38-f0be-48aa-9d69-bc54a5ebd02f' with name ''
Mon Mar 10 22:31:44 2025: STOP_SERVER received, server token: 5a680ab0-fe29-11ef-9f39-047c167c9f15, passed token: 5a680ab0-fe29-11ef-9f39-047c167c9f15
Mon Mar 10 22:31:44 2025: Socket received request to stop server.
Mon Mar 10 22:31:44 2025: Dispatch Server: do_await_stop
Mon Mar 10 22:31:44 2025: Dispatch Server: stopping mainFifo_
Mon Mar 10 22:31:44 2025: XCD main fifo: Stopping
Mon Mar 10 22:31:44 2025: XCD main fifo: do_read error code: Operation canceled
Mon Mar 10 22:31:44 2025: XCD main fifo: bytes_transferred: 0
Mon Mar 10 22:31:44 2025: SERVER: destructor for server bound to port 56313
Mon Mar 10 22:31:44 2025: XCD main fifo: Good unlink of /tmp/xcdmain5a680ab0-fe29-11ef-9f39-047c167c9f15
Mon Mar 10 22:31:44 2025: Server exiting with status 0.
Mon Mar 10 22:31:44 2025: Closing log file.
Mon Mar 10 22:56:34 2025: Running xcd server. This server was built by gradle.
Mon Mar 10 22:56:34 2025: Server was asked to start on port: '35045'
Mon Mar 10 22:56:34 2025: Server is using token UUID: 'd29472b4-fe2c-11ef-b0d6-047c167c9f15'
Mon Mar 10 22:56:34 2025: SESSION_MGR: creating session with session uuid: '6d04a3e9-ade5-4ab9-8d63-1f78fcd2ec76' and name 'default'
Mon Mar 10 22:56:34 2025: Attempting to start server on port '35045'
Mon Mar 10 22:56:34 2025: XCD main fifo: created main fifo '/tmp/xcdmaind29472b4-fe2c-11ef-b0d6-047c167c9f15', fd read = 11
Mon Mar 10 22:56:34 2025: Running Dispatch Server
Mon Mar 10 22:56:34 2025: Version 2.2.0
Mon Mar 10 22:56:34 2025: Dispatch Server: Accepted socket connection from client
Mon Mar 10 22:56:34 2025: Starting Socket connection
Mon Mar 10 22:56:34 2025: EXCHANGE_TOKEN received, server token: d29472b4-fe2c-11ef-b0d6-047c167c9f15, passed token: d29472b4-fe2c-11ef-b0d6-047c167c9f15
Mon Mar 10 22:56:34 2025: SESSION_MGR: creating session with session uuid: '37a206eb-4a9a-461f-bdbe-322a716ecdfa' and name 'Code Analyzer'
Mon Mar 10 22:56:34 2025: KERNEL_SVC: creating session with uuid: '37a206eb-4a9a-461f-bdbe-322a716ecdfa' and name 'Code Analyzer'
Mon Mar 10 22:56:34 2025: GUIDANCE_SMGR: creating guidance session with uuid: '37a206eb-4a9a-461f-bdbe-322a716ecdfa' and name 'Code Analyzer'
Mon Mar 10 22:56:34 2025: SESSION_MGR: closing session for UUID '37a206eb-4a9a-461f-bdbe-322a716ecdfa' with name ''
Mon Mar 10 22:56:34 2025: KERNEL_SVC: closing session for UUID '37a206eb-4a9a-461f-bdbe-322a716ecdfa' with name ''
Mon Mar 10 22:56:34 2025: GUIDANCE_SMGR: closing session for UUID '37a206eb-4a9a-461f-bdbe-322a716ecdfa' with name ''
Mon Mar 10 22:56:34 2025: STOP_SERVER received, server token: d29472b4-fe2c-11ef-b0d6-047c167c9f15, passed token: d29472b4-fe2c-11ef-b0d6-047c167c9f15
Mon Mar 10 22:56:34 2025: Socket received request to stop server.
Mon Mar 10 22:56:34 2025: Dispatch Server: do_await_stop
Mon Mar 10 22:56:34 2025: Dispatch Server: stopping mainFifo_
Mon Mar 10 22:56:34 2025: XCD main fifo: Stopping
Mon Mar 10 22:56:34 2025: XCD main fifo: do_read error code: Operation canceled
Mon Mar 10 22:56:34 2025: XCD main fifo: bytes_transferred: 0
Mon Mar 10 22:56:34 2025: SERVER: destructor for server bound to port 35045
Mon Mar 10 22:56:34 2025: XCD main fifo: Good unlink of /tmp/xcdmaind29472b4-fe2c-11ef-b0d6-047c167c9f15
Mon Mar 10 22:56:34 2025: Server exiting with status 0.
Mon Mar 10 22:56:34 2025: Closing log file.
Mon Mar 10 23:00:29 2025: Running xcd server. This server was built by gradle.
Mon Mar 10 23:00:29 2025: Server was asked to start on port: '33987'
Mon Mar 10 23:00:29 2025: Server is using token UUID: '5eb1de58-fe2d-11ef-98de-047c167c9f15'
Mon Mar 10 23:00:29 2025: SESSION_MGR: creating session with session uuid: '6d04a3e9-ade5-4ab9-8d63-1f78fcd2ec76' and name 'default'
Mon Mar 10 23:00:29 2025: Attempting to start server on port '33987'
Mon Mar 10 23:00:29 2025: XCD main fifo: created main fifo '/tmp/xcdmain5eb1de58-fe2d-11ef-98de-047c167c9f15', fd read = 11
Mon Mar 10 23:00:29 2025: Running Dispatch Server
Mon Mar 10 23:00:29 2025: Version 2.2.0
Mon Mar 10 23:00:29 2025: Dispatch Server: Accepted socket connection from client
Mon Mar 10 23:00:29 2025: Starting Socket connection
Mon Mar 10 23:00:29 2025: EXCHANGE_TOKEN received, server token: 5eb1de58-fe2d-11ef-98de-047c167c9f15, passed token: 5eb1de58-fe2d-11ef-98de-047c167c9f15
Mon Mar 10 23:00:29 2025: SESSION_MGR: creating session with session uuid: 'a64a035e-dc05-4033-b361-b9b3792a224b' and name 'Code Analyzer'
Mon Mar 10 23:00:29 2025: KERNEL_SVC: creating session with uuid: 'a64a035e-dc05-4033-b361-b9b3792a224b' and name 'Code Analyzer'
Mon Mar 10 23:00:29 2025: GUIDANCE_SMGR: creating guidance session with uuid: 'a64a035e-dc05-4033-b361-b9b3792a224b' and name 'Code Analyzer'
Mon Mar 10 23:00:30 2025: SESSION_MGR: closing session for UUID 'a64a035e-dc05-4033-b361-b9b3792a224b' with name ''
Mon Mar 10 23:00:30 2025: KERNEL_SVC: closing session for UUID 'a64a035e-dc05-4033-b361-b9b3792a224b' with name ''
Mon Mar 10 23:00:30 2025: GUIDANCE_SMGR: closing session for UUID 'a64a035e-dc05-4033-b361-b9b3792a224b' with name ''
Mon Mar 10 23:00:30 2025: STOP_SERVER received, server token: 5eb1de58-fe2d-11ef-98de-047c167c9f15, passed token: 5eb1de58-fe2d-11ef-98de-047c167c9f15
Mon Mar 10 23:00:30 2025: Socket received request to stop server.
Mon Mar 10 23:00:30 2025: Dispatch Server: do_await_stop
Mon Mar 10 23:00:30 2025: Dispatch Server: stopping mainFifo_
Mon Mar 10 23:00:30 2025: XCD main fifo: Stopping
Mon Mar 10 23:00:30 2025: XCD main fifo: do_read error code: Operation canceled
Mon Mar 10 23:00:30 2025: XCD main fifo: bytes_transferred: 0
Mon Mar 10 23:00:30 2025: SERVER: destructor for server bound to port 33987
Mon Mar 10 23:00:30 2025: XCD main fifo: Good unlink of /tmp/xcdmain5eb1de58-fe2d-11ef-98de-047c167c9f15
Mon Mar 10 23:00:30 2025: Server exiting with status 0.
Mon Mar 10 23:00:30 2025: Closing log file.
Mon Mar 10 23:05:03 2025: Running xcd server. This server was built by gradle.
Mon Mar 10 23:05:03 2025: Server was asked to start on port: '34701'
Mon Mar 10 23:05:03 2025: Server is using token UUID: '01de0ae8-fe2e-11ef-9ab1-047c167c9f15'
Mon Mar 10 23:05:03 2025: SESSION_MGR: creating session with session uuid: '6d04a3e9-ade5-4ab9-8d63-1f78fcd2ec76' and name 'default'
Mon Mar 10 23:05:03 2025: Attempting to start server on port '34701'
Mon Mar 10 23:05:03 2025: XCD main fifo: created main fifo '/tmp/xcdmain01de0ae8-fe2e-11ef-9ab1-047c167c9f15', fd read = 11
Mon Mar 10 23:05:03 2025: Running Dispatch Server
Mon Mar 10 23:05:03 2025: Version 2.2.0
Mon Mar 10 23:05:03 2025: Dispatch Server: Accepted socket connection from client
Mon Mar 10 23:05:03 2025: Starting Socket connection
Mon Mar 10 23:05:03 2025: EXCHANGE_TOKEN received, server token: 01de0ae8-fe2e-11ef-9ab1-047c167c9f15, passed token: 01de0ae8-fe2e-11ef-9ab1-047c167c9f15
Mon Mar 10 23:05:03 2025: SESSION_MGR: creating session with session uuid: '238d1e8a-734a-4b64-b1d5-ffc3301492c0' and name 'Code Analyzer'
Mon Mar 10 23:05:03 2025: KERNEL_SVC: creating session with uuid: '238d1e8a-734a-4b64-b1d5-ffc3301492c0' and name 'Code Analyzer'
Mon Mar 10 23:05:03 2025: GUIDANCE_SMGR: creating guidance session with uuid: '238d1e8a-734a-4b64-b1d5-ffc3301492c0' and name 'Code Analyzer'
Mon Mar 10 23:05:03 2025: SESSION_MGR: closing session for UUID '238d1e8a-734a-4b64-b1d5-ffc3301492c0' with name ''
Mon Mar 10 23:05:03 2025: KERNEL_SVC: closing session for UUID '238d1e8a-734a-4b64-b1d5-ffc3301492c0' with name ''
Mon Mar 10 23:05:03 2025: GUIDANCE_SMGR: closing session for UUID '238d1e8a-734a-4b64-b1d5-ffc3301492c0' with name ''
Mon Mar 10 23:05:03 2025: STOP_SERVER received, server token: 01de0ae8-fe2e-11ef-9ab1-047c167c9f15, passed token: 01de0ae8-fe2e-11ef-9ab1-047c167c9f15
Mon Mar 10 23:05:03 2025: Socket received request to stop server.
Mon Mar 10 23:05:03 2025: Dispatch Server: do_await_stop
Mon Mar 10 23:05:03 2025: Dispatch Server: stopping mainFifo_
Mon Mar 10 23:05:03 2025: XCD main fifo: Stopping
Mon Mar 10 23:05:03 2025: XCD main fifo: do_read error code: Operation canceled
Mon Mar 10 23:05:03 2025: XCD main fifo: bytes_transferred: 0
Mon Mar 10 23:05:03 2025: SERVER: destructor for server bound to port 34701
Mon Mar 10 23:05:03 2025: XCD main fifo: Good unlink of /tmp/xcdmain01de0ae8-fe2e-11ef-9ab1-047c167c9f15
Mon Mar 10 23:05:03 2025: Server exiting with status 0.
Mon Mar 10 23:05:03 2025: Closing log file.
Mon Mar 10 23:08:45 2025: Running xcd server. This server was built by gradle.
Mon Mar 10 23:08:45 2025: Server was asked to start on port: '46883'
Mon Mar 10 23:08:45 2025: Server is using token UUID: '8642fe42-fe2e-11ef-b989-047c167c9f15'
Mon Mar 10 23:08:45 2025: SESSION_MGR: creating session with session uuid: '6d04a3e9-ade5-4ab9-8d63-1f78fcd2ec76' and name 'default'
Mon Mar 10 23:08:45 2025: Attempting to start server on port '46883'
Mon Mar 10 23:08:45 2025: XCD main fifo: created main fifo '/tmp/xcdmain8642fe42-fe2e-11ef-b989-047c167c9f15', fd read = 11
Mon Mar 10 23:08:45 2025: Running Dispatch Server
Mon Mar 10 23:08:45 2025: Version 2.2.0
Mon Mar 10 23:08:45 2025: Dispatch Server: Accepted socket connection from client
Mon Mar 10 23:08:45 2025: Starting Socket connection
Mon Mar 10 23:08:45 2025: EXCHANGE_TOKEN received, server token: 8642fe42-fe2e-11ef-b989-047c167c9f15, passed token: 8642fe42-fe2e-11ef-b989-047c167c9f15
Mon Mar 10 23:08:45 2025: SESSION_MGR: creating session with session uuid: '330f3610-9f0a-4dbe-aa13-1250b436f18a' and name 'Code Analyzer'
Mon Mar 10 23:08:45 2025: KERNEL_SVC: creating session with uuid: '330f3610-9f0a-4dbe-aa13-1250b436f18a' and name 'Code Analyzer'
Mon Mar 10 23:08:45 2025: GUIDANCE_SMGR: creating guidance session with uuid: '330f3610-9f0a-4dbe-aa13-1250b436f18a' and name 'Code Analyzer'
Mon Mar 10 23:08:46 2025: SESSION_MGR: closing session for UUID '330f3610-9f0a-4dbe-aa13-1250b436f18a' with name ''
Mon Mar 10 23:08:46 2025: KERNEL_SVC: closing session for UUID '330f3610-9f0a-4dbe-aa13-1250b436f18a' with name ''
Mon Mar 10 23:08:46 2025: GUIDANCE_SMGR: closing session for UUID '330f3610-9f0a-4dbe-aa13-1250b436f18a' with name ''
Mon Mar 10 23:08:46 2025: STOP_SERVER received, server token: 8642fe42-fe2e-11ef-b989-047c167c9f15, passed token: 8642fe42-fe2e-11ef-b989-047c167c9f15
Mon Mar 10 23:08:46 2025: Socket received request to stop server.
Mon Mar 10 23:08:46 2025: Dispatch Server: do_await_stop
Mon Mar 10 23:08:46 2025: Dispatch Server: stopping mainFifo_
Mon Mar 10 23:08:46 2025: XCD main fifo: Stopping
Mon Mar 10 23:08:46 2025: XCD main fifo: do_read error code: Operation canceled
Mon Mar 10 23:08:46 2025: XCD main fifo: bytes_transferred: 0
Mon Mar 10 23:08:46 2025: SERVER: destructor for server bound to port 46883
Mon Mar 10 23:08:46 2025: XCD main fifo: Good unlink of /tmp/xcdmain8642fe42-fe2e-11ef-b989-047c167c9f15
Mon Mar 10 23:08:46 2025: Server exiting with status 0.
Mon Mar 10 23:08:46 2025: Closing log file.
Mon Mar 10 23:14:50 2025: Running xcd server. This server was built by gradle.
Mon Mar 10 23:14:50 2025: Server was asked to start on port: '60197'
Mon Mar 10 23:14:50 2025: Server is using token UUID: '5fd0baaa-fe2f-11ef-bbce-047c167c9f15'
Mon Mar 10 23:14:50 2025: SESSION_MGR: creating session with session uuid: '6d04a3e9-ade5-4ab9-8d63-1f78fcd2ec76' and name 'default'
Mon Mar 10 23:14:50 2025: Attempting to start server on port '60197'
Mon Mar 10 23:14:50 2025: XCD main fifo: created main fifo '/tmp/xcdmain5fd0baaa-fe2f-11ef-bbce-047c167c9f15', fd read = 11
Mon Mar 10 23:14:50 2025: Running Dispatch Server
Mon Mar 10 23:14:50 2025: Version 2.2.0
Mon Mar 10 23:14:50 2025: Dispatch Server: Accepted socket connection from client
Mon Mar 10 23:14:50 2025: Starting Socket connection
Mon Mar 10 23:14:50 2025: EXCHANGE_TOKEN received, server token: 5fd0baaa-fe2f-11ef-bbce-047c167c9f15, passed token: 5fd0baaa-fe2f-11ef-bbce-047c167c9f15
Mon Mar 10 23:14:50 2025: SESSION_MGR: creating session with session uuid: '64b49eec-7059-4939-9741-89788bd5b323' and name 'Code Analyzer'
Mon Mar 10 23:14:50 2025: KERNEL_SVC: creating session with uuid: '64b49eec-7059-4939-9741-89788bd5b323' and name 'Code Analyzer'
Mon Mar 10 23:14:50 2025: GUIDANCE_SMGR: creating guidance session with uuid: '64b49eec-7059-4939-9741-89788bd5b323' and name 'Code Analyzer'
Mon Mar 10 23:14:50 2025: SESSION_MGR: closing session for UUID '64b49eec-7059-4939-9741-89788bd5b323' with name ''
Mon Mar 10 23:14:50 2025: KERNEL_SVC: closing session for UUID '64b49eec-7059-4939-9741-89788bd5b323' with name ''
Mon Mar 10 23:14:50 2025: GUIDANCE_SMGR: closing session for UUID '64b49eec-7059-4939-9741-89788bd5b323' with name ''
Mon Mar 10 23:14:50 2025: STOP_SERVER received, server token: 5fd0baaa-fe2f-11ef-bbce-047c167c9f15, passed token: 5fd0baaa-fe2f-11ef-bbce-047c167c9f15
Mon Mar 10 23:14:50 2025: Socket received request to stop server.
Mon Mar 10 23:14:50 2025: Dispatch Server: do_await_stop
Mon Mar 10 23:14:50 2025: Dispatch Server: stopping mainFifo_
Mon Mar 10 23:14:50 2025: XCD main fifo: Stopping
Mon Mar 10 23:14:50 2025: XCD main fifo: do_read error code: Operation canceled
Mon Mar 10 23:14:50 2025: XCD main fifo: bytes_transferred: 0
Mon Mar 10 23:14:50 2025: SERVER: destructor for server bound to port 60197
Mon Mar 10 23:14:50 2025: XCD main fifo: Good unlink of /tmp/xcdmain5fd0baaa-fe2f-11ef-bbce-047c167c9f15
Mon Mar 10 23:14:50 2025: Server exiting with status 0.
Mon Mar 10 23:14:50 2025: Closing log file.
Mon Mar 10 23:21:48 2025: Running xcd server. This server was built by gradle.
Mon Mar 10 23:21:48 2025: Server was asked to start on port: '35345'
Mon Mar 10 23:21:48 2025: Server is using token UUID: '5915cdda-fe30-11ef-a45a-047c167c9f15'
Mon Mar 10 23:21:48 2025: SESSION_MGR: creating session with session uuid: '6d04a3e9-ade5-4ab9-8d63-1f78fcd2ec76' and name 'default'
Mon Mar 10 23:21:48 2025: Attempting to start server on port '35345'
Mon Mar 10 23:21:48 2025: XCD main fifo: created main fifo '/tmp/xcdmain5915cdda-fe30-11ef-a45a-047c167c9f15', fd read = 11
Mon Mar 10 23:21:48 2025: Running Dispatch Server
Mon Mar 10 23:21:48 2025: Version 2.2.0
Mon Mar 10 23:21:48 2025: Dispatch Server: Accepted socket connection from client
Mon Mar 10 23:21:48 2025: Starting Socket connection
Mon Mar 10 23:21:48 2025: EXCHANGE_TOKEN received, server token: 5915cdda-fe30-11ef-a45a-047c167c9f15, passed token: 5915cdda-fe30-11ef-a45a-047c167c9f15
Mon Mar 10 23:21:48 2025: SESSION_MGR: creating session with session uuid: 'e7bb2602-8347-428e-90c2-bdc64f01499e' and name 'Code Analyzer'
Mon Mar 10 23:21:48 2025: KERNEL_SVC: creating session with uuid: 'e7bb2602-8347-428e-90c2-bdc64f01499e' and name 'Code Analyzer'
Mon Mar 10 23:21:48 2025: GUIDANCE_SMGR: creating guidance session with uuid: 'e7bb2602-8347-428e-90c2-bdc64f01499e' and name 'Code Analyzer'
Mon Mar 10 23:21:49 2025: SESSION_MGR: closing session for UUID 'e7bb2602-8347-428e-90c2-bdc64f01499e' with name ''
Mon Mar 10 23:21:49 2025: KERNEL_SVC: closing session for UUID 'e7bb2602-8347-428e-90c2-bdc64f01499e' with name ''
Mon Mar 10 23:21:49 2025: GUIDANCE_SMGR: closing session for UUID 'e7bb2602-8347-428e-90c2-bdc64f01499e' with name ''
Mon Mar 10 23:21:49 2025: STOP_SERVER received, server token: 5915cdda-fe30-11ef-a45a-047c167c9f15, passed token: 5915cdda-fe30-11ef-a45a-047c167c9f15
Mon Mar 10 23:21:49 2025: Socket received request to stop server.
Mon Mar 10 23:21:49 2025: Dispatch Server: do_await_stop
Mon Mar 10 23:21:49 2025: Dispatch Server: stopping mainFifo_
Mon Mar 10 23:21:49 2025: XCD main fifo: Stopping
Mon Mar 10 23:21:49 2025: XCD main fifo: do_read error code: Operation canceled
Mon Mar 10 23:21:49 2025: XCD main fifo: bytes_transferred: 0
Mon Mar 10 23:21:49 2025: SERVER: destructor for server bound to port 35345
Mon Mar 10 23:21:49 2025: XCD main fifo: Good unlink of /tmp/xcdmain5915cdda-fe30-11ef-a45a-047c167c9f15
Mon Mar 10 23:21:49 2025: Server exiting with status 0.
Mon Mar 10 23:21:49 2025: Closing log file.
Mon Mar 10 23:24:09 2025: Running xcd server. This server was built by gradle.
Mon Mar 10 23:24:09 2025: Server was asked to start on port: '48687'
Mon Mar 10 23:24:09 2025: Server is using token UUID: 'acf67512-fe30-11ef-8624-047c167c9f15'
Mon Mar 10 23:24:09 2025: SESSION_MGR: creating session with session uuid: '6d04a3e9-ade5-4ab9-8d63-1f78fcd2ec76' and name 'default'
Mon Mar 10 23:24:09 2025: Attempting to start server on port '48687'
Mon Mar 10 23:24:09 2025: XCD main fifo: created main fifo '/tmp/xcdmainacf67512-fe30-11ef-8624-047c167c9f15', fd read = 11
Mon Mar 10 23:24:09 2025: Running Dispatch Server
Mon Mar 10 23:24:09 2025: Version 2.2.0
Mon Mar 10 23:24:09 2025: Dispatch Server: Accepted socket connection from client
Mon Mar 10 23:24:09 2025: Starting Socket connection
Mon Mar 10 23:24:09 2025: EXCHANGE_TOKEN received, server token: acf67512-fe30-11ef-8624-047c167c9f15, passed token: acf67512-fe30-11ef-8624-047c167c9f15
Mon Mar 10 23:24:09 2025: SESSION_MGR: creating session with session uuid: '49112361-a1c8-45bc-9a6f-a2987421d387' and name 'Code Analyzer'
Mon Mar 10 23:24:09 2025: KERNEL_SVC: creating session with uuid: '49112361-a1c8-45bc-9a6f-a2987421d387' and name 'Code Analyzer'
Mon Mar 10 23:24:09 2025: GUIDANCE_SMGR: creating guidance session with uuid: '49112361-a1c8-45bc-9a6f-a2987421d387' and name 'Code Analyzer'
Mon Mar 10 23:24:09 2025: SESSION_MGR: closing session for UUID '49112361-a1c8-45bc-9a6f-a2987421d387' with name ''
Mon Mar 10 23:24:09 2025: KERNEL_SVC: closing session for UUID '49112361-a1c8-45bc-9a6f-a2987421d387' with name ''
Mon Mar 10 23:24:09 2025: GUIDANCE_SMGR: closing session for UUID '49112361-a1c8-45bc-9a6f-a2987421d387' with name ''
Mon Mar 10 23:24:09 2025: STOP_SERVER received, server token: acf67512-fe30-11ef-8624-047c167c9f15, passed token: acf67512-fe30-11ef-8624-047c167c9f15
Mon Mar 10 23:24:09 2025: Socket received request to stop server.
Mon Mar 10 23:24:09 2025: Dispatch Server: do_await_stop
Mon Mar 10 23:24:09 2025: Dispatch Server: stopping mainFifo_
Mon Mar 10 23:24:09 2025: XCD main fifo: Stopping
Mon Mar 10 23:24:09 2025: XCD main fifo: do_read error code: Operation canceled
Mon Mar 10 23:24:09 2025: XCD main fifo: bytes_transferred: 0
Mon Mar 10 23:24:09 2025: SERVER: destructor for server bound to port 48687
Mon Mar 10 23:24:09 2025: XCD main fifo: Good unlink of /tmp/xcdmainacf67512-fe30-11ef-8624-047c167c9f15
Mon Mar 10 23:24:09 2025: Server exiting with status 0.
Mon Mar 10 23:24:09 2025: Closing log file.
Mon Mar 10 23:26:31 2025: Running xcd server. This server was built by gradle.
Mon Mar 10 23:26:31 2025: Server was asked to start on port: '50065'
Mon Mar 10 23:26:31 2025: Server is using token UUID: '01ee49b4-fe31-11ef-8e2e-047c167c9f15'
Mon Mar 10 23:26:31 2025: SESSION_MGR: creating session with session uuid: '6d04a3e9-ade5-4ab9-8d63-1f78fcd2ec76' and name 'default'
Mon Mar 10 23:26:31 2025: Attempting to start server on port '50065'
Mon Mar 10 23:26:31 2025: XCD main fifo: created main fifo '/tmp/xcdmain01ee49b4-fe31-11ef-8e2e-047c167c9f15', fd read = 11
Mon Mar 10 23:26:31 2025: Running Dispatch Server
Mon Mar 10 23:26:31 2025: Version 2.2.0
Mon Mar 10 23:26:31 2025: Dispatch Server: Accepted socket connection from client
Mon Mar 10 23:26:31 2025: Starting Socket connection
Mon Mar 10 23:26:31 2025: EXCHANGE_TOKEN received, server token: 01ee49b4-fe31-11ef-8e2e-047c167c9f15, passed token: 01ee49b4-fe31-11ef-8e2e-047c167c9f15
Mon Mar 10 23:26:31 2025: SESSION_MGR: creating session with session uuid: '24ce5da4-3e68-46f6-8100-f206e24ce9c7' and name 'Code Analyzer'
Mon Mar 10 23:26:31 2025: KERNEL_SVC: creating session with uuid: '24ce5da4-3e68-46f6-8100-f206e24ce9c7' and name 'Code Analyzer'
Mon Mar 10 23:26:31 2025: GUIDANCE_SMGR: creating guidance session with uuid: '24ce5da4-3e68-46f6-8100-f206e24ce9c7' and name 'Code Analyzer'
Mon Mar 10 23:26:32 2025: SESSION_MGR: closing session for UUID '24ce5da4-3e68-46f6-8100-f206e24ce9c7' with name ''
Mon Mar 10 23:26:32 2025: KERNEL_SVC: closing session for UUID '24ce5da4-3e68-46f6-8100-f206e24ce9c7' with name ''
Mon Mar 10 23:26:32 2025: GUIDANCE_SMGR: closing session for UUID '24ce5da4-3e68-46f6-8100-f206e24ce9c7' with name ''
Mon Mar 10 23:26:32 2025: STOP_SERVER received, server token: 01ee49b4-fe31-11ef-8e2e-047c167c9f15, passed token: 01ee49b4-fe31-11ef-8e2e-047c167c9f15
Mon Mar 10 23:26:32 2025: Socket received request to stop server.
Mon Mar 10 23:26:32 2025: Dispatch Server: do_await_stop
Mon Mar 10 23:26:32 2025: Dispatch Server: stopping mainFifo_
Mon Mar 10 23:26:32 2025: XCD main fifo: Stopping
Mon Mar 10 23:26:32 2025: XCD main fifo: do_read error code: Operation canceled
Mon Mar 10 23:26:32 2025: XCD main fifo: bytes_transferred: 0
Mon Mar 10 23:26:32 2025: SERVER: destructor for server bound to port 50065
Mon Mar 10 23:26:32 2025: XCD main fifo: Good unlink of /tmp/xcdmain01ee49b4-fe31-11ef-8e2e-047c167c9f15
Mon Mar 10 23:26:32 2025: Server exiting with status 0.
Mon Mar 10 23:26:32 2025: Closing log file.
Mon Mar 10 23:28:36 2025: Running xcd server. This server was built by gradle.
Mon Mar 10 23:28:36 2025: Server was asked to start on port: '54757'
Mon Mar 10 23:28:36 2025: Server is using token UUID: '4c05e8fe-fe31-11ef-83f7-047c167c9f15'
Mon Mar 10 23:28:36 2025: SESSION_MGR: creating session with session uuid: '6d04a3e9-ade5-4ab9-8d63-1f78fcd2ec76' and name 'default'
Mon Mar 10 23:28:36 2025: Attempting to start server on port '54757'
Mon Mar 10 23:28:36 2025: XCD main fifo: created main fifo '/tmp/xcdmain4c05e8fe-fe31-11ef-83f7-047c167c9f15', fd read = 11
Mon Mar 10 23:28:36 2025: Running Dispatch Server
Mon Mar 10 23:28:36 2025: Version 2.2.0
Mon Mar 10 23:28:36 2025: Dispatch Server: Accepted socket connection from client
Mon Mar 10 23:28:36 2025: Starting Socket connection
Mon Mar 10 23:28:36 2025: EXCHANGE_TOKEN received, server token: 4c05e8fe-fe31-11ef-83f7-047c167c9f15, passed token: 4c05e8fe-fe31-11ef-83f7-047c167c9f15
Mon Mar 10 23:28:36 2025: SESSION_MGR: creating session with session uuid: '4b70c44f-02e8-45a0-a3fa-e3f3661b329c' and name 'Code Analyzer'
Mon Mar 10 23:28:36 2025: KERNEL_SVC: creating session with uuid: '4b70c44f-02e8-45a0-a3fa-e3f3661b329c' and name 'Code Analyzer'
Mon Mar 10 23:28:36 2025: GUIDANCE_SMGR: creating guidance session with uuid: '4b70c44f-02e8-45a0-a3fa-e3f3661b329c' and name 'Code Analyzer'
Mon Mar 10 23:28:36 2025: SESSION_MGR: closing session for UUID '4b70c44f-02e8-45a0-a3fa-e3f3661b329c' with name ''
Mon Mar 10 23:28:36 2025: KERNEL_SVC: closing session for UUID '4b70c44f-02e8-45a0-a3fa-e3f3661b329c' with name ''
Mon Mar 10 23:28:36 2025: GUIDANCE_SMGR: closing session for UUID '4b70c44f-02e8-45a0-a3fa-e3f3661b329c' with name ''
Mon Mar 10 23:28:36 2025: STOP_SERVER received, server token: 4c05e8fe-fe31-11ef-83f7-047c167c9f15, passed token: 4c05e8fe-fe31-11ef-83f7-047c167c9f15
Mon Mar 10 23:28:36 2025: Socket received request to stop server.
Mon Mar 10 23:28:36 2025: Dispatch Server: do_await_stop
Mon Mar 10 23:28:36 2025: Dispatch Server: stopping mainFifo_
Mon Mar 10 23:28:36 2025: XCD main fifo: Stopping
Mon Mar 10 23:28:36 2025: XCD main fifo: do_read error code: Operation canceled
Mon Mar 10 23:28:36 2025: XCD main fifo: bytes_transferred: 0
Mon Mar 10 23:28:36 2025: SERVER: destructor for server bound to port 54757
Mon Mar 10 23:28:36 2025: XCD main fifo: Good unlink of /tmp/xcdmain4c05e8fe-fe31-11ef-83f7-047c167c9f15
Mon Mar 10 23:28:36 2025: Server exiting with status 0.
Mon Mar 10 23:28:36 2025: Closing log file.
Mon Mar 10 23:29:36 2025: Running xcd server. This server was built by gradle.
Mon Mar 10 23:29:36 2025: Server was asked to start on port: '47463'
Mon Mar 10 23:29:36 2025: Server is using token UUID: '701bb3fe-fe31-11ef-b868-047c167c9f15'
Mon Mar 10 23:29:36 2025: SESSION_MGR: creating session with session uuid: '6d04a3e9-ade5-4ab9-8d63-1f78fcd2ec76' and name 'default'
Mon Mar 10 23:29:36 2025: Attempting to start server on port '47463'
Mon Mar 10 23:29:36 2025: XCD main fifo: created main fifo '/tmp/xcdmain701bb3fe-fe31-11ef-b868-047c167c9f15', fd read = 11
Mon Mar 10 23:29:36 2025: Running Dispatch Server
Mon Mar 10 23:29:36 2025: Version 2.2.0
Mon Mar 10 23:29:36 2025: Dispatch Server: Accepted socket connection from client
Mon Mar 10 23:29:36 2025: Starting Socket connection
Mon Mar 10 23:29:36 2025: EXCHANGE_TOKEN received, server token: 701bb3fe-fe31-11ef-b868-047c167c9f15, passed token: 701bb3fe-fe31-11ef-b868-047c167c9f15
Mon Mar 10 23:29:36 2025: SESSION_MGR: creating session with session uuid: '20c06022-1a2f-4f14-aa2d-c984d3cd6fd7' and name 'Code Analyzer'
Mon Mar 10 23:29:36 2025: KERNEL_SVC: creating session with uuid: '20c06022-1a2f-4f14-aa2d-c984d3cd6fd7' and name 'Code Analyzer'
Mon Mar 10 23:29:36 2025: GUIDANCE_SMGR: creating guidance session with uuid: '20c06022-1a2f-4f14-aa2d-c984d3cd6fd7' and name 'Code Analyzer'
Mon Mar 10 23:29:37 2025: SESSION_MGR: closing session for UUID '20c06022-1a2f-4f14-aa2d-c984d3cd6fd7' with name ''
Mon Mar 10 23:29:37 2025: KERNEL_SVC: closing session for UUID '20c06022-1a2f-4f14-aa2d-c984d3cd6fd7' with name ''
Mon Mar 10 23:29:37 2025: GUIDANCE_SMGR: closing session for UUID '20c06022-1a2f-4f14-aa2d-c984d3cd6fd7' with name ''
Mon Mar 10 23:29:37 2025: STOP_SERVER received, server token: 701bb3fe-fe31-11ef-b868-047c167c9f15, passed token: 701bb3fe-fe31-11ef-b868-047c167c9f15
Mon Mar 10 23:29:37 2025: Socket received request to stop server.
Mon Mar 10 23:29:37 2025: Dispatch Server: do_await_stop
Mon Mar 10 23:29:37 2025: Dispatch Server: stopping mainFifo_
Mon Mar 10 23:29:37 2025: XCD main fifo: Stopping
Mon Mar 10 23:29:37 2025: XCD main fifo: do_read error code: Operation canceled
Mon Mar 10 23:29:37 2025: XCD main fifo: bytes_transferred: 0
Mon Mar 10 23:29:37 2025: SERVER: destructor for server bound to port 47463
Mon Mar 10 23:29:37 2025: XCD main fifo: Good unlink of /tmp/xcdmain701bb3fe-fe31-11ef-b868-047c167c9f15
Mon Mar 10 23:29:37 2025: Server exiting with status 0.
Mon Mar 10 23:29:37 2025: Closing log file.
Mon Mar 10 23:30:09 2025: Running xcd server. This server was built by gradle.
Mon Mar 10 23:30:09 2025: Server was asked to start on port: '60195'
Mon Mar 10 23:30:09 2025: Server is using token UUID: '839985aa-fe31-11ef-bec8-047c167c9f15'
Mon Mar 10 23:30:09 2025: SESSION_MGR: creating session with session uuid: '6d04a3e9-ade5-4ab9-8d63-1f78fcd2ec76' and name 'default'
Mon Mar 10 23:30:09 2025: Attempting to start server on port '60195'
Mon Mar 10 23:30:09 2025: XCD main fifo: created main fifo '/tmp/xcdmain839985aa-fe31-11ef-bec8-047c167c9f15', fd read = 11
Mon Mar 10 23:30:09 2025: Running Dispatch Server
Mon Mar 10 23:30:09 2025: Version 2.2.0
Mon Mar 10 23:30:09 2025: Dispatch Server: Accepted socket connection from client
Mon Mar 10 23:30:09 2025: Starting Socket connection
Mon Mar 10 23:30:09 2025: EXCHANGE_TOKEN received, server token: 839985aa-fe31-11ef-bec8-047c167c9f15, passed token: 839985aa-fe31-11ef-bec8-047c167c9f15
Mon Mar 10 23:30:09 2025: SESSION_MGR: creating session with session uuid: '4df4fe12-c516-46bc-97c5-de6d5782dcd3' and name 'Code Analyzer'
Mon Mar 10 23:30:09 2025: KERNEL_SVC: creating session with uuid: '4df4fe12-c516-46bc-97c5-de6d5782dcd3' and name 'Code Analyzer'
Mon Mar 10 23:30:09 2025: GUIDANCE_SMGR: creating guidance session with uuid: '4df4fe12-c516-46bc-97c5-de6d5782dcd3' and name 'Code Analyzer'
Mon Mar 10 23:30:09 2025: SESSION_MGR: closing session for UUID '4df4fe12-c516-46bc-97c5-de6d5782dcd3' with name ''
Mon Mar 10 23:30:09 2025: KERNEL_SVC: closing session for UUID '4df4fe12-c516-46bc-97c5-de6d5782dcd3' with name ''
Mon Mar 10 23:30:09 2025: GUIDANCE_SMGR: closing session for UUID '4df4fe12-c516-46bc-97c5-de6d5782dcd3' with name ''
Mon Mar 10 23:30:09 2025: STOP_SERVER received, server token: 839985aa-fe31-11ef-bec8-047c167c9f15, passed token: 839985aa-fe31-11ef-bec8-047c167c9f15
Mon Mar 10 23:30:09 2025: Socket received request to stop server.
Mon Mar 10 23:30:09 2025: Dispatch Server: do_await_stop
Mon Mar 10 23:30:09 2025: Dispatch Server: stopping mainFifo_
Mon Mar 10 23:30:09 2025: XCD main fifo: Stopping
Mon Mar 10 23:30:09 2025: XCD main fifo: do_read error code: Operation canceled
Mon Mar 10 23:30:09 2025: XCD main fifo: bytes_transferred: 0
Mon Mar 10 23:30:09 2025: SERVER: destructor for server bound to port 60195
Mon Mar 10 23:30:09 2025: XCD main fifo: Good unlink of /tmp/xcdmain839985aa-fe31-11ef-bec8-047c167c9f15
Mon Mar 10 23:30:09 2025: Server exiting with status 0.
Mon Mar 10 23:30:09 2025: Closing log file.
Mon Mar 10 23:31:12 2025: Running xcd server. This server was built by gradle.
Mon Mar 10 23:31:12 2025: Server was asked to start on port: '53787'
Mon Mar 10 23:31:12 2025: Server is using token UUID: 'a987cb78-fe31-11ef-80cd-047c167c9f15'
Mon Mar 10 23:31:12 2025: SESSION_MGR: creating session with session uuid: '6d04a3e9-ade5-4ab9-8d63-1f78fcd2ec76' and name 'default'
Mon Mar 10 23:31:12 2025: Attempting to start server on port '53787'
Mon Mar 10 23:31:12 2025: XCD main fifo: created main fifo '/tmp/xcdmaina987cb78-fe31-11ef-80cd-047c167c9f15', fd read = 11
Mon Mar 10 23:31:12 2025: Running Dispatch Server
Mon Mar 10 23:31:12 2025: Version 2.2.0
Mon Mar 10 23:31:12 2025: Dispatch Server: Accepted socket connection from client
Mon Mar 10 23:31:12 2025: Starting Socket connection
Mon Mar 10 23:31:12 2025: EXCHANGE_TOKEN received, server token: a987cb78-fe31-11ef-80cd-047c167c9f15, passed token: a987cb78-fe31-11ef-80cd-047c167c9f15
Mon Mar 10 23:31:12 2025: SESSION_MGR: creating session with session uuid: '2d82d8d2-5b13-4fac-b661-62d1b82e773f' and name 'Code Analyzer'
Mon Mar 10 23:31:12 2025: KERNEL_SVC: creating session with uuid: '2d82d8d2-5b13-4fac-b661-62d1b82e773f' and name 'Code Analyzer'
Mon Mar 10 23:31:12 2025: GUIDANCE_SMGR: creating guidance session with uuid: '2d82d8d2-5b13-4fac-b661-62d1b82e773f' and name 'Code Analyzer'
Mon Mar 10 23:31:13 2025: SESSION_MGR: closing session for UUID '2d82d8d2-5b13-4fac-b661-62d1b82e773f' with name ''
Mon Mar 10 23:31:13 2025: KERNEL_SVC: closing session for UUID '2d82d8d2-5b13-4fac-b661-62d1b82e773f' with name ''
Mon Mar 10 23:31:13 2025: GUIDANCE_SMGR: closing session for UUID '2d82d8d2-5b13-4fac-b661-62d1b82e773f' with name ''
Mon Mar 10 23:31:13 2025: STOP_SERVER received, server token: a987cb78-fe31-11ef-80cd-047c167c9f15, passed token: a987cb78-fe31-11ef-80cd-047c167c9f15
Mon Mar 10 23:31:13 2025: Socket received request to stop server.
Mon Mar 10 23:31:13 2025: Dispatch Server: do_await_stop
Mon Mar 10 23:31:13 2025: Dispatch Server: stopping mainFifo_
Mon Mar 10 23:31:13 2025: XCD main fifo: Stopping
Mon Mar 10 23:31:13 2025: XCD main fifo: do_read error code: Operation canceled
Mon Mar 10 23:31:13 2025: XCD main fifo: bytes_transferred: 0
Mon Mar 10 23:31:13 2025: SERVER: destructor for server bound to port 53787
Mon Mar 10 23:31:13 2025: XCD main fifo: Good unlink of /tmp/xcdmaina987cb78-fe31-11ef-80cd-047c167c9f15
Mon Mar 10 23:31:13 2025: Server exiting with status 0.
Mon Mar 10 23:31:13 2025: Closing log file.
Mon Mar 10 23:34:09 2025: Running xcd server. This server was built by gradle.
Mon Mar 10 23:34:09 2025: Server was asked to start on port: '54055'
Mon Mar 10 23:34:09 2025: Server is using token UUID: '12be9bf8-fe32-11ef-9c6c-047c167c9f15'
Mon Mar 10 23:34:09 2025: SESSION_MGR: creating session with session uuid: '6d04a3e9-ade5-4ab9-8d63-1f78fcd2ec76' and name 'default'
Mon Mar 10 23:34:09 2025: Attempting to start server on port '54055'
Mon Mar 10 23:34:09 2025: XCD main fifo: created main fifo '/tmp/xcdmain12be9bf8-fe32-11ef-9c6c-047c167c9f15', fd read = 11
Mon Mar 10 23:34:09 2025: Running Dispatch Server
Mon Mar 10 23:34:09 2025: Version 2.2.0
Mon Mar 10 23:34:09 2025: Dispatch Server: Accepted socket connection from client
Mon Mar 10 23:34:09 2025: Starting Socket connection
Mon Mar 10 23:34:09 2025: EXCHANGE_TOKEN received, server token: 12be9bf8-fe32-11ef-9c6c-047c167c9f15, passed token: 12be9bf8-fe32-11ef-9c6c-047c167c9f15
Mon Mar 10 23:34:09 2025: SESSION_MGR: creating session with session uuid: 'b2a55548-5804-4c45-8fca-fdec06b1cefd' and name 'Code Analyzer'
Mon Mar 10 23:34:09 2025: KERNEL_SVC: creating session with uuid: 'b2a55548-5804-4c45-8fca-fdec06b1cefd' and name 'Code Analyzer'
Mon Mar 10 23:34:09 2025: GUIDANCE_SMGR: creating guidance session with uuid: 'b2a55548-5804-4c45-8fca-fdec06b1cefd' and name 'Code Analyzer'
Mon Mar 10 23:34:10 2025: SESSION_MGR: closing session for UUID 'b2a55548-5804-4c45-8fca-fdec06b1cefd' with name ''
Mon Mar 10 23:34:10 2025: KERNEL_SVC: closing session for UUID 'b2a55548-5804-4c45-8fca-fdec06b1cefd' with name ''
Mon Mar 10 23:34:10 2025: GUIDANCE_SMGR: closing session for UUID 'b2a55548-5804-4c45-8fca-fdec06b1cefd' with name ''
Mon Mar 10 23:34:10 2025: STOP_SERVER received, server token: 12be9bf8-fe32-11ef-9c6c-047c167c9f15, passed token: 12be9bf8-fe32-11ef-9c6c-047c167c9f15
Mon Mar 10 23:34:10 2025: Socket received request to stop server.
Mon Mar 10 23:34:10 2025: Dispatch Server: do_await_stop
Mon Mar 10 23:34:10 2025: Dispatch Server: stopping mainFifo_
Mon Mar 10 23:34:10 2025: XCD main fifo: Stopping
Mon Mar 10 23:34:10 2025: XCD main fifo: do_read error code: Operation canceled
Mon Mar 10 23:34:10 2025: XCD main fifo: bytes_transferred: 0
Mon Mar 10 23:34:10 2025: SERVER: destructor for server bound to port 54055
Mon Mar 10 23:34:10 2025: XCD main fifo: Good unlink of /tmp/xcdmain12be9bf8-fe32-11ef-9c6c-047c167c9f15
Mon Mar 10 23:34:10 2025: Server exiting with status 0.
Mon Mar 10 23:34:10 2025: Closing log file.
Mon Mar 10 23:38:29 2025: Running xcd server. This server was built by gradle.
Mon Mar 10 23:38:29 2025: Server was asked to start on port: '58063'
Mon Mar 10 23:38:29 2025: Server is using token UUID: 'add4a52e-fe32-11ef-ad26-047c167c9f15'
Mon Mar 10 23:38:29 2025: SESSION_MGR: creating session with session uuid: '6d04a3e9-ade5-4ab9-8d63-1f78fcd2ec76' and name 'default'
Mon Mar 10 23:38:29 2025: Attempting to start server on port '58063'
Mon Mar 10 23:38:29 2025: XCD main fifo: created main fifo '/tmp/xcdmainadd4a52e-fe32-11ef-ad26-047c167c9f15', fd read = 11
Mon Mar 10 23:38:29 2025: Running Dispatch Server
Mon Mar 10 23:38:29 2025: Version 2.2.0
Mon Mar 10 23:38:29 2025: Dispatch Server: Accepted socket connection from client
Mon Mar 10 23:38:29 2025: Starting Socket connection
Mon Mar 10 23:38:29 2025: EXCHANGE_TOKEN received, server token: add4a52e-fe32-11ef-ad26-047c167c9f15, passed token: add4a52e-fe32-11ef-ad26-047c167c9f15
Mon Mar 10 23:38:29 2025: SESSION_MGR: creating session with session uuid: '7a38ebf6-1e92-42bb-89d8-df9ee8a9d763' and name 'Code Analyzer'
Mon Mar 10 23:38:29 2025: KERNEL_SVC: creating session with uuid: '7a38ebf6-1e92-42bb-89d8-df9ee8a9d763' and name 'Code Analyzer'
Mon Mar 10 23:38:29 2025: GUIDANCE_SMGR: creating guidance session with uuid: '7a38ebf6-1e92-42bb-89d8-df9ee8a9d763' and name 'Code Analyzer'
Mon Mar 10 23:38:30 2025: SESSION_MGR: closing session for UUID '7a38ebf6-1e92-42bb-89d8-df9ee8a9d763' with name ''
Mon Mar 10 23:38:30 2025: KERNEL_SVC: closing session for UUID '7a38ebf6-1e92-42bb-89d8-df9ee8a9d763' with name ''
Mon Mar 10 23:38:30 2025: GUIDANCE_SMGR: closing session for UUID '7a38ebf6-1e92-42bb-89d8-df9ee8a9d763' with name ''
Mon Mar 10 23:38:30 2025: STOP_SERVER received, server token: add4a52e-fe32-11ef-ad26-047c167c9f15, passed token: add4a52e-fe32-11ef-ad26-047c167c9f15
Mon Mar 10 23:38:30 2025: Socket received request to stop server.
Mon Mar 10 23:38:30 2025: Dispatch Server: do_await_stop
Mon Mar 10 23:38:30 2025: Dispatch Server: stopping mainFifo_
Mon Mar 10 23:38:30 2025: XCD main fifo: Stopping
Mon Mar 10 23:38:30 2025: XCD main fifo: do_read error code: Operation canceled
Mon Mar 10 23:38:30 2025: XCD main fifo: bytes_transferred: 0
Mon Mar 10 23:38:30 2025: SERVER: destructor for server bound to port 58063
Mon Mar 10 23:38:30 2025: XCD main fifo: Good unlink of /tmp/xcdmainadd4a52e-fe32-11ef-ad26-047c167c9f15
Mon Mar 10 23:38:30 2025: Server exiting with status 0.
Mon Mar 10 23:38:30 2025: Closing log file.
Mon Mar 10 23:39:48 2025: Running xcd server. This server was built by gradle.
Mon Mar 10 23:39:48 2025: Server was asked to start on port: '60193'
Mon Mar 10 23:39:48 2025: Server is using token UUID: 'dcc97a12-fe32-11ef-9f5a-047c167c9f15'
Mon Mar 10 23:39:48 2025: SESSION_MGR: creating session with session uuid: '6d04a3e9-ade5-4ab9-8d63-1f78fcd2ec76' and name 'default'
Mon Mar 10 23:39:48 2025: Attempting to start server on port '60193'
Mon Mar 10 23:39:48 2025: XCD main fifo: created main fifo '/tmp/xcdmaindcc97a12-fe32-11ef-9f5a-047c167c9f15', fd read = 11
Mon Mar 10 23:39:48 2025: Running Dispatch Server
Mon Mar 10 23:39:48 2025: Version 2.2.0
Mon Mar 10 23:39:48 2025: Dispatch Server: Accepted socket connection from client
Mon Mar 10 23:39:48 2025: Starting Socket connection
Mon Mar 10 23:39:48 2025: EXCHANGE_TOKEN received, server token: dcc97a12-fe32-11ef-9f5a-047c167c9f15, passed token: dcc97a12-fe32-11ef-9f5a-047c167c9f15
Mon Mar 10 23:39:48 2025: SESSION_MGR: creating session with session uuid: 'd29afc44-c45b-422d-b617-124427ee375b' and name 'Code Analyzer'
Mon Mar 10 23:39:48 2025: KERNEL_SVC: creating session with uuid: 'd29afc44-c45b-422d-b617-124427ee375b' and name 'Code Analyzer'
Mon Mar 10 23:39:48 2025: GUIDANCE_SMGR: creating guidance session with uuid: 'd29afc44-c45b-422d-b617-124427ee375b' and name 'Code Analyzer'
Mon Mar 10 23:39:49 2025: SESSION_MGR: closing session for UUID 'd29afc44-c45b-422d-b617-124427ee375b' with name ''
Mon Mar 10 23:39:49 2025: KERNEL_SVC: closing session for UUID 'd29afc44-c45b-422d-b617-124427ee375b' with name ''
Mon Mar 10 23:39:49 2025: GUIDANCE_SMGR: closing session for UUID 'd29afc44-c45b-422d-b617-124427ee375b' with name ''
Mon Mar 10 23:39:49 2025: STOP_SERVER received, server token: dcc97a12-fe32-11ef-9f5a-047c167c9f15, passed token: dcc97a12-fe32-11ef-9f5a-047c167c9f15
Mon Mar 10 23:39:49 2025: Socket received request to stop server.
Mon Mar 10 23:39:49 2025: Dispatch Server: do_await_stop
Mon Mar 10 23:39:49 2025: Dispatch Server: stopping mainFifo_
Mon Mar 10 23:39:49 2025: XCD main fifo: Stopping
Mon Mar 10 23:39:49 2025: XCD main fifo: do_read error code: Operation canceled
Mon Mar 10 23:39:49 2025: XCD main fifo: bytes_transferred: 0
Mon Mar 10 23:39:49 2025: SERVER: destructor for server bound to port 60193
Mon Mar 10 23:39:49 2025: XCD main fifo: Good unlink of /tmp/xcdmaindcc97a12-fe32-11ef-9f5a-047c167c9f15
Mon Mar 10 23:39:49 2025: Server exiting with status 0.
Mon Mar 10 23:39:49 2025: Closing log file.
