directive:1:9: warning: HLS pragma dump _XLX_SEP_ PragmaIsValid=1_XLX_SEP_ PragmaType=top_XLX_SEP_ PragmaContext=directive_XLX_SEP_ PragmaFunction=csr_vmul_XLX_SEP_ PragmaOptions=name=csr_vmul_XLX_SEP_ [-Wdump-hls-pragmas]
#pragma HLSDIRECTIVE TOP name=csr_vmul
        ^
csr_vmul.cpp:17:9: warning: HLS pragma dump _XLX_SEP_ PragmaIsValid=1_XLX_SEP_ PragmaType=disaggregate_XLX_SEP_ PragmaContext=_XLX_SEP_ PragmaFunction=csr_vmul_XLX_SEP_ PragmaOptions=variable = matrix_XLX_SEP_ [-Wdump-hls-pragmas]
#pragma HLS DISAGGREGATE variable = matrix
        ^
csr_vmul.cpp:18:9: warning: HLS pragma dump _XLX_SEP_ PragmaIsValid=1_XLX_SEP_ PragmaType=interface_XLX_SEP_ PragmaContext=_XLX_SEP_ PragmaFunction=csr_vmul_XLX_SEP_ PragmaOptions=s_axilite port = matrix->row_count bundle = control_XLX_SEP_ [-Wdump-hls-pragmas]
#pragma HLS INTERFACE s_axilite port = matrix->row_count bundle = control
        ^
csr_vmul.cpp:19:9: warning: HLS pragma dump _XLX_SEP_ PragmaIsValid=1_XLX_SEP_ PragmaType=interface_XLX_SEP_ PragmaContext=_XLX_SEP_ PragmaFunction=csr_vmul_XLX_SEP_ PragmaOptions=s_axilite port = matrix->col_count bundle = control_XLX_SEP_ [-Wdump-hls-pragmas]
#pragma HLS INTERFACE s_axilite port = matrix->col_count bundle = control
        ^
csr_vmul.cpp:20:9: warning: HLS pragma dump _XLX_SEP_ PragmaIsValid=1_XLX_SEP_ PragmaType=interface_XLX_SEP_ PragmaContext=_XLX_SEP_ PragmaFunction=csr_vmul_XLX_SEP_ PragmaOptions=s_axilite port = matrix->non_zero_count bundle = control_XLX_SEP_ [-Wdump-hls-pragmas]
#pragma HLS INTERFACE s_axilite port = matrix->non_zero_count bundle = control
        ^
csr_vmul.cpp:22:9: warning: HLS pragma dump _XLX_SEP_ PragmaIsValid=1_XLX_SEP_ PragmaType=interface_XLX_SEP_ PragmaContext=_XLX_SEP_ PragmaFunction=csr_vmul_XLX_SEP_ PragmaOptions=m_axi port = matrix->row_pointers offset = slave bundle = BUNDLE_A depth = MAX_ELEMENTS max_widen_bitwidth = WIDEN_BITWIDTH_XLX_SEP_ [-Wdump-hls-pragmas]
#pragma HLS INTERFACE m_axi port = matrix->row_pointers offset = slave bundle = BUNDLE_A depth = MAX_ELEMENTS max_widen_bitwidth = WIDEN_BITWIDTH
        ^
csr_vmul.cpp:24:9: warning: HLS pragma dump _XLX_SEP_ PragmaIsValid=1_XLX_SEP_ PragmaType=interface_XLX_SEP_ PragmaContext=_XLX_SEP_ PragmaFunction=csr_vmul_XLX_SEP_ PragmaOptions=m_axi port = matrix->col_indices offset = slave bundle = BUNDLE_B depth = MAX_ELEMENTS max_widen_bitwidth = WIDEN_BITWIDTH_XLX_SEP_ [-Wdump-hls-pragmas]
#pragma HLS INTERFACE m_axi port = matrix->col_indices offset = slave bundle = BUNDLE_B depth = MAX_ELEMENTS max_widen_bitwidth = WIDEN_BITWIDTH
        ^
csr_vmul.cpp:26:9: warning: HLS pragma dump _XLX_SEP_ PragmaIsValid=1_XLX_SEP_ PragmaType=interface_XLX_SEP_ PragmaContext=_XLX_SEP_ PragmaFunction=csr_vmul_XLX_SEP_ PragmaOptions=m_axi port = matrix->values offset = slave bundle = BUNDLE_C depth = MAX_ELEMENTS max_widen_bitwidth = WIDEN_BITWIDTH_XLX_SEP_ [-Wdump-hls-pragmas]
#pragma HLS INTERFACE m_axi port = matrix->values offset = slave bundle = BUNDLE_C depth = MAX_ELEMENTS max_widen_bitwidth = WIDEN_BITWIDTH
        ^
csr_vmul.cpp:30:9: warning: HLS pragma dump _XLX_SEP_ PragmaIsValid=1_XLX_SEP_ PragmaType=disaggregate_XLX_SEP_ PragmaContext=_XLX_SEP_ PragmaFunction=csr_vmul_XLX_SEP_ PragmaOptions=variable = vector_XLX_SEP_ [-Wdump-hls-pragmas]
#pragma HLS DISAGGREGATE variable = vector
        ^
csr_vmul.cpp:31:9: warning: HLS pragma dump _XLX_SEP_ PragmaIsValid=1_XLX_SEP_ PragmaType=interface_XLX_SEP_ PragmaContext=_XLX_SEP_ PragmaFunction=csr_vmul_XLX_SEP_ PragmaOptions=m_axi port = vector->values offset = slave bundle = BUNDLE_D depth = MAX_ELEMENTS max_widen_bitwidth = WIDEN_BITWIDTH_XLX_SEP_ [-Wdump-hls-pragmas]
#pragma HLS INTERFACE m_axi port = vector->values offset = slave bundle = BUNDLE_D depth = MAX_ELEMENTS max_widen_bitwidth = WIDEN_BITWIDTH
        ^
csr_vmul.cpp:34:9: warning: HLS pragma dump _XLX_SEP_ PragmaIsValid=1_XLX_SEP_ PragmaType=interface_XLX_SEP_ PragmaContext=_XLX_SEP_ PragmaFunction=csr_vmul_XLX_SEP_ PragmaOptions=s_axilite port = vector->count bundle = control_XLX_SEP_ [-Wdump-hls-pragmas]
#pragma HLS INTERFACE s_axilite port = vector->count bundle = control
        ^
csr_vmul.cpp:36:9: warning: HLS pragma dump _XLX_SEP_ PragmaIsValid=1_XLX_SEP_ PragmaType=disaggregate_XLX_SEP_ PragmaContext=_XLX_SEP_ PragmaFunction=csr_vmul_XLX_SEP_ PragmaOptions=variable = out_XLX_SEP_ [-Wdump-hls-pragmas]
#pragma HLS DISAGGREGATE variable = out
        ^
csr_vmul.cpp:37:9: warning: HLS pragma dump _XLX_SEP_ PragmaIsValid=1_XLX_SEP_ PragmaType=interface_XLX_SEP_ PragmaContext=_XLX_SEP_ PragmaFunction=csr_vmul_XLX_SEP_ PragmaOptions=m_axi port = out->values offset = slave bundle = gmem_XLX_SEP_ [-Wdump-hls-pragmas]
#pragma HLS INTERFACE m_axi port = out->values offset = slave bundle = gmem
        ^
csr_vmul.cpp:38:9: warning: HLS pragma dump _XLX_SEP_ PragmaIsValid=1_XLX_SEP_ PragmaType=interface_XLX_SEP_ PragmaContext=_XLX_SEP_ PragmaFunction=csr_vmul_XLX_SEP_ PragmaOptions=s_axilite port = out->count bundle = control_XLX_SEP_ [-Wdump-hls-pragmas]
#pragma HLS INTERFACE s_axilite port = out->count bundle = control
        ^
csr_vmul.cpp:42:9: warning: HLS pragma dump _XLX_SEP_ PragmaIsValid=1_XLX_SEP_ PragmaType=interface_XLX_SEP_ PragmaContext=_XLX_SEP_ PragmaFunction=csr_vmul_XLX_SEP_ PragmaOptions=s_axilite port = return bundle = control_XLX_SEP_ [-Wdump-hls-pragmas]
#pragma HLS INTERFACE s_axilite port = return bundle = control
        ^
csr_vmul.cpp:49:9: warning: HLS pragma dump _XLX_SEP_ PragmaIsValid=1_XLX_SEP_ PragmaType=loop_tripcount_XLX_SEP_ PragmaContext=_XLX_SEP_ PragmaFunction=csr_vmul_XLX_SEP_ PragmaOptions=max = MAX_ELEMENTS_XLX_SEP_ [-Wdump-hls-pragmas]
#pragma HLS LOOP_TRIPCOUNT max = MAX_ELEMENTS
        ^
csr_vmul.cpp:50:9: warning: HLS pragma dump _XLX_SEP_ PragmaIsValid=1_XLX_SEP_ PragmaType=pipeline_XLX_SEP_ PragmaContext=_XLX_SEP_ PragmaFunction=csr_vmul_XLX_SEP_ PragmaOptions=_XLX_SEP_ [-Wdump-hls-pragmas]
#pragma HLS PIPELINE
        ^
csr_vmul.cpp:57:9: warning: HLS pragma dump _XLX_SEP_ PragmaIsValid=1_XLX_SEP_ PragmaType=loop_tripcount_XLX_SEP_ PragmaContext=_XLX_SEP_ PragmaFunction=csr_vmul_XLX_SEP_ PragmaOptions=max = MAX_ELEMENTS_XLX_SEP_ [-Wdump-hls-pragmas]
#pragma HLS LOOP_TRIPCOUNT max = MAX_ELEMENTS
        ^
csr_vmul.cpp:58:9: warning: HLS pragma dump _XLX_SEP_ PragmaIsValid=1_XLX_SEP_ PragmaType=pipeline_XLX_SEP_ PragmaContext=_XLX_SEP_ PragmaFunction=csr_vmul_XLX_SEP_ PragmaOptions=_XLX_SEP_ [-Wdump-hls-pragmas]
#pragma HLS PIPELINE
        ^
csr_vmul.cpp:65:9: warning: HLS pragma dump _XLX_SEP_ PragmaIsValid=1_XLX_SEP_ PragmaType=loop_tripcount_XLX_SEP_ PragmaContext=_XLX_SEP_ PragmaFunction=csr_vmul_XLX_SEP_ PragmaOptions=max = MAX_ELEMENTS_XLX_SEP_ [-Wdump-hls-pragmas]
#pragma HLS LOOP_TRIPCOUNT max = MAX_ELEMENTS
        ^
csr_vmul.cpp:66:9: warning: HLS pragma dump _XLX_SEP_ PragmaIsValid=1_XLX_SEP_ PragmaType=pipeline_XLX_SEP_ PragmaContext=_XLX_SEP_ PragmaFunction=csr_vmul_XLX_SEP_ PragmaOptions=_XLX_SEP_ [-Wdump-hls-pragmas]
#pragma HLS PIPELINE
        ^
csr_vmul.cpp:73:9: warning: HLS pragma dump _XLX_SEP_ PragmaIsValid=1_XLX_SEP_ PragmaType=loop_tripcount_XLX_SEP_ PragmaContext=_XLX_SEP_ PragmaFunction=csr_vmul_XLX_SEP_ PragmaOptions=max = MAX_ELEMENTS_XLX_SEP_ [-Wdump-hls-pragmas]
#pragma HLS LOOP_TRIPCOUNT max = MAX_ELEMENTS
        ^
csr_vmul.cpp:74:9: warning: HLS pragma dump _XLX_SEP_ PragmaIsValid=1_XLX_SEP_ PragmaType=pipeline_XLX_SEP_ PragmaContext=_XLX_SEP_ PragmaFunction=csr_vmul_XLX_SEP_ PragmaOptions=_XLX_SEP_ [-Wdump-hls-pragmas]
#pragma HLS PIPELINE
        ^
csr_vmul.cpp:80:9: warning: HLS pragma dump _XLX_SEP_ PragmaIsValid=1_XLX_SEP_ PragmaType=loop_tripcount_XLX_SEP_ PragmaContext=_XLX_SEP_ PragmaFunction=csr_vmul_XLX_SEP_ PragmaOptions=max = MAX_ELEMENTS_XLX_SEP_ [-Wdump-hls-pragmas]
#pragma HLS LOOP_TRIPCOUNT max = MAX_ELEMENTS
        ^
csr_vmul.cpp:81:9: warning: HLS pragma dump _XLX_SEP_ PragmaIsValid=1_XLX_SEP_ PragmaType=pipeline_XLX_SEP_ PragmaContext=_XLX_SEP_ PragmaFunction=csr_vmul_XLX_SEP_ PragmaOptions=_XLX_SEP_ [-Wdump-hls-pragmas]
#pragma HLS PIPELINE
        ^
csr_vmul.cpp:84:9: warning: HLS pragma dump _XLX_SEP_ PragmaIsValid=1_XLX_SEP_ PragmaType=array_partition_XLX_SEP_ PragmaContext=_XLX_SEP_ PragmaFunction=csr_vmul_XLX_SEP_ PragmaOptions=variable=partial_sums complete_XLX_SEP_ [-Wdump-hls-pragmas]
#pragma HLS ARRAY_PARTITION variable=partial_sums complete
        ^
csr_vmul.cpp:88:9: warning: HLS pragma dump _XLX_SEP_ PragmaIsValid=1_XLX_SEP_ PragmaType=loop_tripcount_XLX_SEP_ PragmaContext=_XLX_SEP_ PragmaFunction=csr_vmul_XLX_SEP_ PragmaOptions=max = MAX_ELEMENTS_XLX_SEP_ [-Wdump-hls-pragmas]
#pragma HLS LOOP_TRIPCOUNT max = MAX_ELEMENTS
        ^
csr_vmul.cpp:92:9: warning: HLS pragma dump _XLX_SEP_ PragmaIsValid=1_XLX_SEP_ PragmaType=loop_tripcount_XLX_SEP_ PragmaContext=_XLX_SEP_ PragmaFunction=csr_vmul_XLX_SEP_ PragmaOptions=max = MAX_ELEMENTS_XLX_SEP_ [-Wdump-hls-pragmas]
#pragma HLS LOOP_TRIPCOUNT max = MAX_ELEMENTS
        ^
csr_vmul.cpp:93:9: warning: HLS pragma dump _XLX_SEP_ PragmaIsValid=1_XLX_SEP_ PragmaType=unroll_XLX_SEP_ PragmaContext=_XLX_SEP_ PragmaFunction=csr_vmul_XLX_SEP_ PragmaOptions=factor = MAX_UNROLL_XLX_SEP_ [-Wdump-hls-pragmas]
#pragma HLS UNROLL factor = MAX_UNROLL
        ^
csr_vmul.cpp:103:9: warning: HLS pragma dump _XLX_SEP_ PragmaIsValid=1_XLX_SEP_ PragmaType=unroll_XLX_SEP_ PragmaContext=_XLX_SEP_ PragmaFunction=csr_vmul_XLX_SEP_ PragmaOptions=_XLX_SEP_ [-Wdump-hls-pragmas]
#pragma HLS UNROLL
        ^
30 warnings generated.
