================================================================
== Design Size Report
================================================================

* Total Instructions per Compilation Phase
+---------------+-----------------------------+--------------+----------------------------------------------------------------------------------------+
| Phase         | Step                        | Instructions | Description                                                                            |
+---------------+-----------------------------+--------------+----------------------------------------------------------------------------------------+
| Compile/Link  |                             | 208          | After all functions are compiled and linked into a single design                       |
|               |                             |              |                                                                                        |
| Unroll/Inline |                             |              | After user unroll and inline pragmas are applied                                       |
|               | (1) unroll                  | 260          | user unroll pragmas are applied                                                        |
|               | (2) simplification          | 190          | simplification of applied user unroll pragmas                                          |
|               | (3) inline                  | 198          | user inline pragmas are applied                                                        |
|               | (4) simplification          | 198          | simplification of applied user inline pragmas                                          |
|               |                             |              |                                                                                        |
| Array/Struct  |                             |              | After user array partition and struct aggregate/disaggregate pragmas are applied       |
|               | (1) array partition         | 437          | user array partition pragmas are applied                                               |
|               | (2) simplification          | 341          | simplification of applied user array partition & struct aggregate/disaggregate pragmas |
|               | (3) aggregate/disaggregate  | 341          | user struct aggregate/disaggregate pragmas are applied                                 |
|               | (4) array reshape           | 341          | apply array reshape pragmas                                                            |
|               | (5) access patterns         | 374          | array access pattern optmizations                                                      |
|               |                             |              |                                                                                        |
| Performance   |                             |              | After transformations are applied to meet performance pragma targets                   |
|               | (1) loop simplification     | 380          | loop and instruction simplification                                                    |
|               | (2) parallelization         | 365          | loops are unrolled or pipelined to meet performance targets                            |
|               | (3) array partition         | 365          | arrays are partitioned to meet performance targets                                     |
|               | (4) simplification          | 365          | simplification of design after performance transformations                             |
|               |                             |              |                                                                                        |
| HW Transforms |                             |              | After hardware transfomations                                                          |
|               | (1) lowering                | 393          | initial conversion to HW specific instructions                                         |
|               | (2) optimizations           | 386          | high level synthesis optimizations                                                     |
+---------------+-----------------------------+--------------+----------------------------------------------------------------------------------------+

* Instructions per Function for each Compilation Phase
+------------+----------------+--------------+---------------+--------------+-------------+---------------+
| Function   | Location       | Compile/Link | Unroll/Inline | Array/Struct | Performance | HW Transforms |
+------------+----------------+--------------+---------------+--------------+-------------+---------------+
|   csr_vmul | csr_vmul.cpp:3 | 208          | 198           | 374          | 365         | 386           |
+------------+----------------+--------------+---------------+--------------+-------------+---------------+

* Design Size Message Settings
+---------------------------------------------+--------+------------------------------------------------------------------+
| Message Setting                             | Value  | Description                                                      |
+---------------------------------------------+--------+------------------------------------------------------------------+
| config_compile -design_size_maximum_warning | 100000 | Show a warning when total design instructions exceeds this value |
+---------------------------------------------+--------+------------------------------------------------------------------+


