# 
# Steps log generated by v++
# This log file contains a collection of steps that describe the kernel compilation flow
# Note: Some steps are tagged as internal, these steps are for debugging purposes and 
#       are not expected to be able to run independently.
# 

# The following environment variables are set when running vitis-run
Environment variables :
------------------------------------------
SHELL=/usr/bin/zsh
WINDOWID=107263213252368
COLORTERM=truecolor
HYPRLAND_CMD=Hyprland
TERM_PROGRAM_VERSION=3.5a
RDI_APPROOT=/home/spence/Documents/misery/Vivado/Vitis/2024.2
XDG_BACKEND=wayland
CLUTTER_BACKEND=wayland
RDI_JAVA_PLATFORM=
TMUX=/tmp/tmux-1000/default,5977,3
SHARED_DATA_HOME=/home/spence/Documents/misery/Vivado/SharedData/2024.2
TK_LIBRARY=/home/spence/Documents/misery/Vivado/Vitis/2024.2/tps/tk/tk8.5
QT_WAYLAND_DISABLE_WINDOWDECORATION=1
LANGUAGE=en_US:en
FREETYPE_PROPERTIES=truetype:interpreter-version=35
XIL_SUPPRESS_OVERRIDE_WARNINGS=1
RDI_BINROOT=/home/spence/Documents/misery/Vivado/Vitis/2024.2/bin
JAVA_HOME=/home/spence/Documents/misery/Vivado/Vitis/2024.2/tps/lnx64/jre11.0.16_1/
XILINX_VIVADO=/home/spence/Documents/misery/Vivado/Vivado/2024.2
RDI_OPT_EXT=.o
RDI_INSTALLVER=2024.2
RDI_INSTALLROOT=/home/spence/Documents/misery/Vivado
THEIA_DEFAULT_PLUGINS=local-dir:/home/spence/Documents/misery/Vivado/Vitis/2024.2/ide/electron-app/lnx64/resources/app/plugins
TMUX_PLUGIN_MANAGER_PATH=/home/spence/.config/tmux/plugins/
RDI_PATCHROOT=
LIBVA_DRIVER_NAME=nvidia
XILINX_VITIS_AIETOOLS=/home/spence/Documents/misery/Vivado/Vitis/2024.2/aietools
HL_INITIAL_WORKSPACE_TOKEN=19c5eafe-7651-4f57-a89f-d54ba42aeeab
XCURSOR_SIZE=20
EDITOR=nvim
XDG_SEAT=seat0
XIL_NO_OVERRIDE=0
RDI_LIBDIR=/home/spence/Documents/misery/Vivado/Vitis/2024.2/lib/lnx64.o/Default:/home/spence/Documents/misery/Vivado/Vitis/2024.2/lib/lnx64.o
PWD=/home/spence/Documents/misery/college/RES/csr_vmul/csr_vmul
XDG_SESSION_DESKTOP=Hyprland
LOGNAME=spence
THEIA_ELECTRON_VERSION=15.5.7
XDG_SESSION_TYPE=wayland
_RDI_DONT_SET_XILINX_AS_PATH=True
SDL_VIDEO_MINIMIZE_ON_FOCUS_LOSS=0
RDI_PREPEND_PATH=/home/spence/Documents/misery/Vivado/Vitis/2024.2/bin
XILINX_DSP=
THEIA_PLUGINS=local-dir:/home/spence/.theia/plugins
MOTD_SHOWN=pam
HOME=/home/spence
SYNTH_COMMON=/home/spence/Documents/misery/Vivado/Vitis/2024.2/scripts/rt/data
LANG=en_US.UTF-8
_JAVA_AWT_WM_NONREPARENTING=1
XDG_CURRENT_DESKTOP=Hyprland
STARSHIP_SHELL=zsh
WAYLAND_DISPLAY=wayland-1
XILINX_HLS=/home/spence/Documents/misery/Vivado/Vitis/2024.2
RDI_BUILD=yes
RDI_PROG=/home/spence/Documents/misery/Vivado/Vitis/2024.2/bin/unwrapped/lnx64.o/vitis-run
RDI_SESSION_INFO=/home/spence/Documents/misery/college/RES:JOYOUS-MACHINE-EXCELLENCE_1741052631_95090
CHROME_DESKTOP=Vitis Unified IDE.desktop
RT_TCL_PATH=/home/spence/Documents/misery/Vivado/Vitis/2024.2/scripts/rt/base_tcl/tcl
STARSHIP_SESSION_KEY=2547014139254108
QT_QPA_PLATFORM=wayland
ALACRITTY_SOCKET=/run/user/1000/Alacritty-wayland-1-1315.sock
XILINX_SDK=/home/spence/Documents/misery/Vivado/Vitis/2024.2
__GLX_VENDER_LIBRARY_NAME=nvidia
RDI_SHARED_DATA=/home/spence/Documents/misery/Vivado/SharedData/2024.2/data
NVD_BACKEND=direct
VSCODE_API_VERSION=1.53.2
PYTHONPATH=/home/spence/Documents/misery/Vivado/Vitis/2024.2/cli/:/home/spence/Documents/misery/Vivado/Vitis/2024.2/cli/python-packages/site-packages:/home/spence/Documents/misery/Vivado/Vitis/2024.2/cli/proto:/home/spence/Documents/misery/Vivado/Vitis/2024.2/tps/lnx64/python-3.8.3/lib/python3.8/lib-dynload/:/home/spence/Documents/misery/Vivado/Vitis/2024.2/tps/lnx64/python-3.8.3/lib/python3.8/:/home/spence/Documents/misery/Vivado/Vitis/2024.2/vfs/python:/home/spence/Documents/misery/Vivado/Vivado/2024.2/tps/lnx64/python-3.8.3/lib/python3.8/lib-dynload/:/home/spence/Documents/misery/Vivado/Vivado/2024.2/tps/lnx64/python-3.8.3/lib/python3.8:/home/spence/Documents/misery/Vivado/Vitis/2024.2/cli/:/home/spence/Documents/misery/Vivado/Vitis/2024.2/cli/python-packages/site-packages:/home/spence/Documents/misery/Vivado/Vitis/2024.2/cli/python-packages/lnx64:/home/spence/Documents/misery/Vivado/Vitis/2024.2/cli/proto:/home/spence/Documents/misery/Vivado/Vitis/2024.2/scripts/python_pkg
TERM=alacritty
PYTHONHOME=/home/spence/Documents/misery/Vivado/Vitis/2024.2/tps/lnx64/python-3.8.3/
USER=spence
SDL_VIDEODRIVER=wayland,x11,*
TMUX_PANE=%6
XILINX_PLANAHEAD=/home/spence/Documents/misery/Vivado/Vitis/2024.2
PATCH_INFO=
RDI_BASEROOT=/home/spence/Documents/misery/Vivado/Vitis
LOPPER_DTC_FLAGS=-b 0 -@
RDI_TPS_ROOT=/home/spence/Documents/misery/Vivado/Vivado/2024.2/tps/lnx64
HYPRLAND_INSTANCE_SIGNATURE=882f7ad7d2bbfc7440d0ccaef93b1cdd78e8e3ff_1741037147_431698678
RDI_JAVA_VERSION=11.0.16_1
IDE_SKIP_SERVER_LICENSE=1
VISUAL=nvim
RDI_DATADIR=/home/spence/Documents/misery/Vivado/SharedData/2024.2/data:/home/spence/Documents/misery/Vivado/Vitis/2024.2/data
THEIA_ELECTRON_TOKEN={"value":"9bb448d6-7cc1-43c1-ac3e-addb5325d12f"}
DISPLAY=:0
SHLVL=5
MOZ_ENABLE_WAYLAND=1
XILINX_VITIS_HLS_ENCAPSULATED=1
RDI_USE_JDK11=1
XDG_VTNR=1
XILINX_VIVADO_HLS=/home/spence/Documents/misery/Vivado/Vivado/2024.2
XIL_CHECK_TCL_DEBUG=False
XDG_SESSION_ID=3
LD_LIBRARY_PATH=/home/spence/Documents/misery/Vivado/Vitis/2024.2/tps/lnx64/javafx-sdk-11.0.2/lib:/home/spence/Documents/misery/Vivado/Vitis/2024.2/lib/lnx64.o/Default:/home/spence/Documents/misery/Vivado/Vitis/2024.2/lib/lnx64.o:/home/spence/Documents/misery/Vivado/Vitis/2024.2/tps/lnx64/jre11.0.16_1/lib/:/home/spence/Documents/misery/Vivado/Vitis/2024.2/tps/lnx64/jre11.0.16_1/lib//server:/home/spence/Documents/misery/Vivado/Vitis/2024.2/lib/lnx64.o/Default:/home/spence/Documents/misery/Vivado/Vitis/2024.2/lib/lnx64.o:/home/spence/Documents/misery/Vivado/Vitis/2024.2/tps/lnx64/cmake-3.24.2/libs/Default:/home/spence/Documents/misery/Vivado/Vitis/2024.2/tps/lnx64/cmake-3.24.2/libs:/home/spence/Documents/misery/Vivado/Vitis/2024.2/lib/lnx64.o/Default:/home/spence/Documents/misery/Vivado/Vitis/2024.2/lib/lnx64.o:/home/spence/Documents/misery/Vivado/Vitis/2024.2/tps/lnx64/python-3.8.3/lib:/home/spence/Documents/misery/Vivado/Vivado/2024.2/tps/lnx64/cmake-3.24.2/libs/Default:/home/spence/Documents/misery/Vivado/Vivado/2024.2/tps/lnx64/cmake-3.24.2/libs:/home/spence/Documents/misery/Vivado/Vitis/2024.2/lib/lnx64.o:/home/spence/Documents/misery/Vivado/Vitis/2024.2/lib/lnx64.o/Default:/home/spence/Documents/misery/Vivado/Vitis/2024.2/lib/lnx64.o:/home/spence/Documents/misery/Vivado/Vivado/2024.2/tps/lnx64/python-3.8.3/lib:/home/spence/Documents/misery/Vivado/Vitis/2024.2/aietools/lib/lnx64.o
HDIPRELDPATH=/home/spence/Documents/misery/Vivado/Vitis/2024.2/lib/lnx64.o/Default:/home/spence/Documents/misery/Vivado/Vitis/2024.2/lib/lnx64.o:/home/spence/Documents/misery/Vivado/Vitis/2024.2/tps/lnx64/cmake-3.24.2/libs/Default:/home/spence/Documents/misery/Vivado/Vitis/2024.2/tps/lnx64/cmake-3.24.2/libs:/home/spence/Documents/misery/Vivado/Vitis/2024.2/lib/lnx64.o/Default:/home/spence/Documents/misery/Vivado/Vitis/2024.2/lib/lnx64.o:/home/spence/Documents/misery/Vivado/Vitis/2024.2/tps/lnx64/python-3.8.3/lib:/home/spence/Documents/misery/Vivado/Vivado/2024.2/tps/lnx64/cmake-3.24.2/libs/Default:/home/spence/Documents/misery/Vivado/Vivado/2024.2/tps/lnx64/cmake-3.24.2/libs:/home/spence/Documents/misery/Vivado/Vitis/2024.2/lib/lnx64.o:/home/spence/Documents/misery/Vivado/Vitis/2024.2/lib/lnx64.o/Default:/home/spence/Documents/misery/Vivado/Vitis/2024.2/lib/lnx64.o:/home/spence/Documents/misery/Vivado/Vivado/2024.2/tps/lnx64/python-3.8.3/lib:/home/spence/Documents/misery/Vivado/Vitis/2024.2/aietools/lib/lnx64.o
XDG_RUNTIME_DIR=/run/user/1000
TCMALLOC_LARGE_ALLOC_REPORT_THRESHOLD=4294967296
DEBUGINFOD_URLS=https://debuginfod.archlinux.org 
TCL_LIBRARY=/home/spence/Documents/misery/Vivado/Vitis/2024.2/tps/tcl/tcl8.6
LC_ALL=en_US.UTF-8
QT_AUTO_SCREEN_SCALE_FACTOR=1
XCURSOR_THEME=Capitaine Cursors (Gruvbox) - White
XILINX_VITIS_GIT=/home/spence/Documents/misery/Vivado/Vivado/2024.2/tps/lnx64/git-2.45.0/bin
GDK_BACKEND=wayland,x11,*
PATH=/home/spence/Documents/misery/Vivado/Vivado/2024.2/tps/lnx64/binutils-2.26/bin:/home/spence/Documents/misery/Vivado/Vitis/2024.2/bin/../gnu/aarch64/lin/aarch64-linux/bin:/home/spence/Documents/misery/Vivado/Vitis/2024.2/bin/../gnu/ppc64le/4.9.3/lnx64/bin:/home/spence/Documents/misery/Vivado/Vitis/2024.2/bin/../gnu/aarch32/lin/gcc-arm-linux-gnueabi/bin:/home/spence/Documents/misery/Vivado/Vivado/2024.2/tps/lnx64/gcc-8.3.0/bin:/home/spence/Documents/misery/Vivado/Vivado/2024.2/gnu/microblaze/lin/bin:/home/spence/Documents/misery/Vivado/Vitis/2024.2/bin:/home/spence/Documents/misery/Vivado/Vitis/2024.2/tps/lnx64/jre11.0.16_1/bin:/home/spence/Documents/misery/Vivado/Vitis/2024.2/gnu/microblaze/lin/bin:/home/spence/Documents/misery/Vivado/Vitis/2024.2/gnu/arm/lin/bin:/home/spence/Documents/misery/Vivado/Vitis/2024.2/gnu/microblaze/linux_toolchain/nt64_be/bin:/home/spence/Documents/misery/Vivado/Vitis/2024.2/gnu/microblaze/linux_toolchain/nt64_le/bin:/home/spence/Documents/misery/Vivado/Vitis/2024.2/gnu/aarch32/lin/gcc-arm-linux-gnueabi/bin:/home/spence/Documents/misery/Vivado/Vitis/2024.2/gnu/aarch32/lin/gcc-arm-none-eabi/bin:/home/spence/Documents/misery/Vivado/Vitis/2024.2/gnu/aarch64/lin/aarch64-linux/bin:/home/spence/Documents/misery/Vivado/Vitis/2024.2/gnu/aarch64/lin/aarch64-none/bin:/home/spence/Documents/misery/Vivado/Vitis/2024.2/gnu/armr5/lin/gcc-arm-none-eabi/bin:/home/spence/Documents/misery/Vivado/Vitis/2024.2/tps/lnx64/cmake-3.24.2/bin:/home/spence/Documents/misery/Vivado/Vitis/2024.2/lnx64/tools/clang/bin:/home/spence/Documents/misery/Vivado/Vitis/2024.2/tps/lnx64/python-3.8.3//bin:/home/spence/Documents/misery/Vivado/Vitis/2024.2/tps/lnx64/jre11.0.16_1//bin:/home/spence/Documents/misery/Vivado/Vitis/2024.2/aietools/bin:/home/spence/Documents/misery/Vivado/Vivado/2024.2/bin:/home/spence/Documents/misery/Vivado/Vivado/2024.2/tps/lnx64/git-2.45.0/bin:/home/spence/Documents/misery/Vivado/Vivado/2024.2/tps/lnx64/cmake-3.24.2/bin:/home/spence/Documents/misery/Vivado/Vivado/2024.2/tps/lnx64/python-3.8.3/bin:/home/spence/Documents/misery/Vivado/Vitis/2024.2/gnu/riscv/lin/riscv64-unknown-elf/bin:/home/spence/Documents/misery/Vivado/Vitis_HLS/2024.2/bin:/home/spence/Documents/misery/Vivado/Model_Composer/2024.2/bin:/home/spence/Documents/misery/Vivado/Vitis/2024.2/gnu/microblaze/linux_toolchain/lin64_le/bin:/home/spence/Documents/misery/Vivado/DocNav:/usr/local/sbin:/usr/local/bin:/usr/bin:/usr/bin/site_perl:/usr/bin/vendor_perl:/usr/bin/core_perl
RT_LIBPATH=/home/spence/Documents/misery/Vivado/Vitis/2024.2/scripts/rt/data
ALACRITTY_LOG=/tmp/Alacritty-1315.log
GBM_BACKEND=nvidia-drm
ORIGINAL_XDG_CURRENT_DESKTOP=Hyprland
HDI_APPROOT=/home/spence/Documents/misery/Vivado/Vitis/2024.2
DBUS_SESSION_BUS_ADDRESS=unix:path=/run/user/1000/bus
RDI_PLATFORM=lnx64
THEIA_APP_PROJECT_PATH=/home/spence/Documents/misery/Vivado/Vitis/2024.2/ide/electron-app/lnx64/resources/app
MYVIVADO=
BUILDINFO=SW Build 5238363 on 2024-11-08-17:54:51
MAIL=/var/spool/mail/spence
ISL_IOSTREAMS_RSA=/home/spence/Documents/misery/Vivado/Vitis/2024.2/tps/isl
ALACRITTY_WINDOW_ID=107263213252368
LC_NUMERIC=C
XILINX_VITIS=/home/spence/Documents/misery/Vivado/Vitis/2024.2
OLDPWD=/home/spence/Documents/misery/Vivado/Vitis/2024.2/bin
TERM_PROGRAM=tmux
XILINX_VCXX=/home/spence/Documents/misery/Vivado/Vitis/2024.2/vcxx
_=/home/spence/Documents/misery/Vivado/Vitis/2024.2/bin/unwrapped/lnx64.o/vitis-run
XILINX_CD_CONNECT_ID=45049
XILINX_CD_SESSION=8a1b2e2b-14c9-4ddf-92f2-2006d1390d03


VITIS-RUN command line:
------------------------------------------
/home/spence/Documents/misery/Vivado/Vitis/2024.2/bin/unwrapped/lnx64.o/vitis-run --mode hls --csim --config /home/spence/Documents/misery/college/RES/csr_vmul/csr_vmul/hls_config.cfg --work_dir csr_vmul 

FINAL PROGRAM OPTIONS
--config /home/spence/Documents/misery/college/RES/csr_vmul/csr_vmul/hls_config.cfg
--csim
--hls.csim.code_analyzer 1
--hls.flow_target vivado
--hls.package.output.format ip_catalog
--hls.package.output.syn false
--hls.syn.file /home/spence/Documents/misery/college/RES/csr_vmul/csr_vmul/csr_vmul.cpp
--hls.syn.file /home/spence/Documents/misery/college/RES/csr_vmul/csr_vmul/csr_vmul.h
--hls.tb.file /home/spence/Documents/misery/college/RES/csr_vmul/csr_vmul/csr_vmul_tb.cpp
--mode hls
--part xc7z020clg400-1
--work_dir csr_vmul

PARSED COMMAND LINE OPTIONS
--mode hls 
--csim 
--config /home/spence/Documents/misery/college/RES/csr_vmul/csr_vmul/hls_config.cfg 
--work_dir csr_vmul 

PARSED CONFIG FILE (1) OPTIONS
file: /home/spence/Documents/misery/college/RES/csr_vmul/csr_vmul/hls_config.cfg
part xc7z020clg400-1 
hls.flow_target vivado 
hls.package.output.format ip_catalog 
hls.package.output.syn false 
hls.syn.file /home/spence/Documents/misery/college/RES/csr_vmul/csr_vmul/csr_vmul.cpp 
hls.syn.file /home/spence/Documents/misery/college/RES/csr_vmul/csr_vmul/csr_vmul.h 
hls.tb.file /home/spence/Documents/misery/college/RES/csr_vmul/csr_vmul/csr_vmul_tb.cpp 
hls.csim.code_analyzer 1 


==========================================
new:  steps log generated by v++ for new launch 
timestamp: 04 Mar 2025 00:15:40

------------------------------------------
VITIS-RUN command line :
------------------------------------------
/home/spence/Documents/misery/Vivado/Vitis/2024.2/bin/unwrapped/lnx64.o/vitis-run --mode hls --csim --config /home/spence/Documents/misery/college/RES/csr_vmul/csr_vmul/hls_config.cfg --work_dir csr_vmul 
  Options from -O    : 
  Options from *.ini : 
  Options from Hw Platform : 

==========================================
new:  steps log generated by v++ for new launch 
timestamp: 04 Mar 2025 00:18:11

------------------------------------------
V++ command line :
------------------------------------------
/home/spence/Documents/misery/Vivado/Vitis/2024.2/bin/unwrapped/lnx64.o/v++ -c --mode hls --config /home/spence/Documents/misery/college/RES/csr_vmul/csr_vmul/hls_config.cfg --work_dir csr_vmul 
  Options from -O    : 
  Options from *.ini : 
  Options from Hw Platform : 

==========================================
new:  steps log generated by v++ for new launch 
timestamp: 04 Mar 2025 00:19:24

------------------------------------------
VITIS-RUN command line :
------------------------------------------
/home/spence/Documents/misery/Vivado/Vitis/2024.2/bin/unwrapped/lnx64.o/vitis-run --mode hls --csim --config /home/spence/Documents/misery/college/RES/csr_vmul/csr_vmul/csr_vmul/hls-debug.cfg --config /home/spence/Documents/misery/college/RES/csr_vmul/csr_vmul/hls_config.cfg --work_dir csr_vmul 
  Options from -O    : 
  Options from *.ini : 
  Options from Hw Platform : 

==========================================
new:  steps log generated by v++ for new launch 
timestamp: 04 Mar 2025 00:21:16

------------------------------------------
VITIS-RUN command line :
------------------------------------------
/home/spence/Documents/misery/Vivado/Vitis/2024.2/bin/unwrapped/lnx64.o/vitis-run --mode hls --csim --config /home/spence/Documents/misery/college/RES/csr_vmul/csr_vmul/hls_config.cfg --work_dir csr_vmul 
  Options from -O    : 
  Options from *.ini : 
  Options from Hw Platform : 

==========================================
new:  steps log generated by v++ for new launch 
timestamp: 04 Mar 2025 00:29:47

------------------------------------------
V++ command line :
------------------------------------------
/home/spence/Documents/misery/Vivado/Vitis/2024.2/bin/unwrapped/lnx64.o/v++ -c --mode hls --config /home/spence/Documents/misery/college/RES/csr_vmul/csr_vmul/hls_config.cfg --work_dir csr_vmul 
  Options from -O    : 
  Options from *.ini : 
  Options from Hw Platform : 

==========================================
new:  steps log generated by v++ for new launch 
timestamp: 04 Mar 2025 00:30:01

------------------------------------------
V++ command line :
------------------------------------------
/home/spence/Documents/misery/Vivado/Vitis/2024.2/bin/unwrapped/lnx64.o/v++ -c --mode hls --config /home/spence/Documents/misery/college/RES/csr_vmul/csr_vmul/hls_config.cfg --work_dir csr_vmul 
  Options from -O    : 
  Options from *.ini : 
  Options from Hw Platform : 

==========================================
new:  steps log generated by v++ for new launch 
timestamp: 04 Mar 2025 00:36:32

------------------------------------------
VITIS-RUN command line :
------------------------------------------
/home/spence/Documents/misery/Vivado/Vitis/2024.2/bin/unwrapped/lnx64.o/vitis-run --mode hls --csim --config /home/spence/Documents/misery/college/RES/csr_vmul/csr_vmul/hls_config.cfg --work_dir csr_vmul 
  Options from -O    : 
  Options from *.ini : 
  Options from Hw Platform : 

==========================================
new:  steps log generated by v++ for new launch 
timestamp: 04 Mar 2025 00:37:28

------------------------------------------
V++ command line :
------------------------------------------
/home/spence/Documents/misery/Vivado/Vitis/2024.2/bin/unwrapped/lnx64.o/v++ -c --mode hls --config /home/spence/Documents/misery/college/RES/csr_vmul/csr_vmul/hls_config.cfg --work_dir csr_vmul 
  Options from -O    : 
  Options from *.ini : 
  Options from Hw Platform : 

==========================================
new:  steps log generated by v++ for new launch 
timestamp: 04 Mar 2025 00:37:38

------------------------------------------
V++ command line :
------------------------------------------
/home/spence/Documents/misery/Vivado/Vitis/2024.2/bin/unwrapped/lnx64.o/v++ -c --mode hls --config /home/spence/Documents/misery/college/RES/csr_vmul/csr_vmul/hls_config.cfg --work_dir csr_vmul 
  Options from -O    : 
  Options from *.ini : 
  Options from Hw Platform : 

==========================================
new:  steps log generated by v++ for new launch 
timestamp: 04 Mar 2025 00:42:08

------------------------------------------
V++ command line :
------------------------------------------
/home/spence/Documents/misery/Vivado/Vitis/2024.2/bin/unwrapped/lnx64.o/v++ -c --mode hls --config /home/spence/Documents/misery/college/RES/csr_vmul/csr_vmul/hls_config.cfg --work_dir csr_vmul 
  Options from -O    : 
  Options from *.ini : 
  Options from Hw Platform : 

==========================================
new:  steps log generated by v++ for new launch 
timestamp: 04 Mar 2025 00:43:18

------------------------------------------
VITIS-RUN command line :
------------------------------------------
/home/spence/Documents/misery/Vivado/Vitis/2024.2/bin/unwrapped/lnx64.o/vitis-run --mode hls --csim --config /home/spence/Documents/misery/college/RES/csr_vmul/csr_vmul/hls_config.cfg --work_dir csr_vmul 
  Options from -O    : 
  Options from *.ini : 
  Options from Hw Platform : 

==========================================
new:  steps log generated by v++ for new launch 
timestamp: 04 Mar 2025 00:49:33

------------------------------------------
V++ command line :
------------------------------------------
/home/spence/Documents/misery/Vivado/Vitis/2024.2/bin/unwrapped/lnx64.o/v++ -c --mode hls --config /home/spence/Documents/misery/college/RES/csr_vmul/csr_vmul/hls_config.cfg --work_dir csr_vmul 
  Options from -O    : 
  Options from *.ini : 
  Options from Hw Platform : 

==========================================
new:  steps log generated by v++ for new launch 
timestamp: 04 Mar 2025 00:49:44

------------------------------------------
VITIS-RUN command line :
------------------------------------------
/home/spence/Documents/misery/Vivado/Vitis/2024.2/bin/unwrapped/lnx64.o/vitis-run --mode hls --csim --config /home/spence/Documents/misery/college/RES/csr_vmul/csr_vmul/hls_config.cfg --work_dir csr_vmul 
  Options from -O    : 
  Options from *.ini : 
  Options from Hw Platform : 

==========================================
new:  steps log generated by v++ for new launch 
timestamp: 04 Mar 2025 00:50:52

------------------------------------------
VITIS-RUN command line :
------------------------------------------
/home/spence/Documents/misery/Vivado/Vitis/2024.2/bin/unwrapped/lnx64.o/vitis-run --mode hls --csim --config /home/spence/Documents/misery/college/RES/csr_vmul/csr_vmul/hls_config.cfg --work_dir csr_vmul 
  Options from -O    : 
  Options from *.ini : 
  Options from Hw Platform : 

==========================================
new:  steps log generated by v++ for new launch 
timestamp: 04 Mar 2025 00:51:35

------------------------------------------
V++ command line :
------------------------------------------
/home/spence/Documents/misery/Vivado/Vitis/2024.2/bin/unwrapped/lnx64.o/v++ -c --mode hls --config /home/spence/Documents/misery/college/RES/csr_vmul/csr_vmul/hls_config.cfg --work_dir csr_vmul 
  Options from -O    : 
  Options from *.ini : 
  Options from Hw Platform : 

==========================================
new:  steps log generated by v++ for new launch 
timestamp: 04 Mar 2025 00:51:46

------------------------------------------
VITIS-RUN command line :
------------------------------------------
/home/spence/Documents/misery/Vivado/Vitis/2024.2/bin/unwrapped/lnx64.o/vitis-run --mode hls --csim --config /home/spence/Documents/misery/college/RES/csr_vmul/csr_vmul/hls_config.cfg --work_dir csr_vmul 
  Options from -O    : 
  Options from *.ini : 
  Options from Hw Platform : 

==========================================
new:  steps log generated by v++ for new launch 
timestamp: 10 Mar 2025 22:31:40

------------------------------------------
V++ command line :
------------------------------------------
/home/spence/Documents/misery/Vivado/Vitis/2024.2/bin/unwrapped/lnx64.o/v++ -c --mode hls --config /home/spence/Documents/misery/college/RES/csr_vmul/csr_vmul/hls_config.cfg --work_dir csr_vmul 
  Options from -O    : 
  Options from *.ini : 
  Options from Hw Platform : 

==========================================
new:  steps log generated by v++ for new launch 
timestamp: 10 Mar 2025 22:31:51

------------------------------------------
VITIS-RUN command line :
------------------------------------------
/home/spence/Documents/misery/Vivado/Vitis/2024.2/bin/unwrapped/lnx64.o/vitis-run --mode hls --csim --config /home/spence/Documents/misery/college/RES/csr_vmul/csr_vmul/hls_config.cfg --work_dir csr_vmul 
  Options from -O    : 
  Options from *.ini : 
  Options from Hw Platform : 

==========================================
new:  steps log generated by v++ for new launch 
timestamp: 10 Mar 2025 22:56:31

------------------------------------------
VITIS-RUN command line :
------------------------------------------
/home/spence/Documents/misery/Vivado/Vitis/2024.2/bin/unwrapped/lnx64.o/vitis-run --mode hls --csim --config /home/spence/Documents/misery/college/RES/csr_vmul/csr_vmul/hls_config.cfg --work_dir csr_vmul 
  Options from -O    : 
  Options from *.ini : 
  Options from Hw Platform : 

==========================================
new:  steps log generated by v++ for new launch 
timestamp: 10 Mar 2025 23:00:26

------------------------------------------
VITIS-RUN command line :
------------------------------------------
/home/spence/Documents/misery/Vivado/Vitis/2024.2/bin/unwrapped/lnx64.o/vitis-run --mode hls --csim --config /home/spence/Documents/misery/college/RES/csr_vmul/csr_vmul/csr_vmul/hls-debug.cfg --config /home/spence/Documents/misery/college/RES/csr_vmul/csr_vmul/hls_config.cfg --work_dir csr_vmul 
  Options from -O    : 
  Options from *.ini : 
  Options from Hw Platform : 

==========================================
new:  steps log generated by v++ for new launch 
timestamp: 10 Mar 2025 23:00:36

------------------------------------------
VITIS-RUN command line :
------------------------------------------
/home/spence/Documents/misery/Vivado/Vitis/2024.2/bin/unwrapped/lnx64.o/vitis-run --mode hls --csim --config /home/spence/Documents/misery/college/RES/csr_vmul/csr_vmul/csr_vmul/hls-debug.cfg --config /home/spence/Documents/misery/college/RES/csr_vmul/csr_vmul/hls_config.cfg --work_dir csr_vmul 
  Options from -O    : 
  Options from *.ini : 
  Options from Hw Platform : 

==========================================
new:  steps log generated by v++ for new launch 
timestamp: 10 Mar 2025 23:01:12

------------------------------------------
VITIS-RUN command line :
------------------------------------------
/home/spence/Documents/misery/Vivado/Vitis/2024.2/bin/unwrapped/lnx64.o/vitis-run --mode hls --csim --config /home/spence/Documents/misery/college/RES/csr_vmul/csr_vmul/csr_vmul/hls-debug.cfg --config /home/spence/Documents/misery/college/RES/csr_vmul/csr_vmul/hls_config.cfg --work_dir csr_vmul 
  Options from -O    : 
  Options from *.ini : 
  Options from Hw Platform : 

==========================================
new:  steps log generated by v++ for new launch 
timestamp: 10 Mar 2025 23:03:16

------------------------------------------
VITIS-RUN command line :
------------------------------------------
/home/spence/Documents/misery/Vivado/Vitis/2024.2/bin/unwrapped/lnx64.o/vitis-run --mode hls --csim --config /home/spence/Documents/misery/college/RES/csr_vmul/csr_vmul/hls_config.cfg --work_dir csr_vmul 
  Options from -O    : 
  Options from *.ini : 
  Options from Hw Platform : 

==========================================
new:  steps log generated by v++ for new launch 
timestamp: 10 Mar 2025 23:04:59

------------------------------------------
VITIS-RUN command line :
------------------------------------------
/home/spence/Documents/misery/Vivado/Vitis/2024.2/bin/unwrapped/lnx64.o/vitis-run --mode hls --csim --config /home/spence/Documents/misery/college/RES/csr_vmul/csr_vmul/csr_vmul/hls-debug.cfg --config /home/spence/Documents/misery/college/RES/csr_vmul/csr_vmul/hls_config.cfg --work_dir csr_vmul 
  Options from -O    : 
  Options from *.ini : 
  Options from Hw Platform : 

==========================================
new:  steps log generated by v++ for new launch 
timestamp: 10 Mar 2025 23:05:12

------------------------------------------
VITIS-RUN command line :
------------------------------------------
/home/spence/Documents/misery/Vivado/Vitis/2024.2/bin/unwrapped/lnx64.o/vitis-run --mode hls --csim --config /home/spence/Documents/misery/college/RES/csr_vmul/csr_vmul/csr_vmul/hls-debug.cfg --config /home/spence/Documents/misery/college/RES/csr_vmul/csr_vmul/hls_config.cfg --work_dir csr_vmul 
  Options from -O    : 
  Options from *.ini : 
  Options from Hw Platform : 

==========================================
new:  steps log generated by v++ for new launch 
timestamp: 10 Mar 2025 23:06:45

------------------------------------------
VITIS-RUN command line :
------------------------------------------
/home/spence/Documents/misery/Vivado/Vitis/2024.2/bin/unwrapped/lnx64.o/vitis-run --mode hls --csim --config /home/spence/Documents/misery/college/RES/csr_vmul/csr_vmul/hls_config.cfg --work_dir csr_vmul 
  Options from -O    : 
  Options from *.ini : 
  Options from Hw Platform : 

==========================================
new:  steps log generated by v++ for new launch 
timestamp: 10 Mar 2025 23:08:42

------------------------------------------
VITIS-RUN command line :
------------------------------------------
/home/spence/Documents/misery/Vivado/Vitis/2024.2/bin/unwrapped/lnx64.o/vitis-run --mode hls --csim --config /home/spence/Documents/misery/college/RES/csr_vmul/csr_vmul/csr_vmul/hls-debug.cfg --config /home/spence/Documents/misery/college/RES/csr_vmul/csr_vmul/hls_config.cfg --work_dir csr_vmul 
  Options from -O    : 
  Options from *.ini : 
  Options from Hw Platform : 

==========================================
new:  steps log generated by v++ for new launch 
timestamp: 10 Mar 2025 23:08:52

------------------------------------------
VITIS-RUN command line :
------------------------------------------
/home/spence/Documents/misery/Vivado/Vitis/2024.2/bin/unwrapped/lnx64.o/vitis-run --mode hls --csim --config /home/spence/Documents/misery/college/RES/csr_vmul/csr_vmul/csr_vmul/hls-debug.cfg --config /home/spence/Documents/misery/college/RES/csr_vmul/csr_vmul/hls_config.cfg --work_dir csr_vmul 
  Options from -O    : 
  Options from *.ini : 
  Options from Hw Platform : 

==========================================
new:  steps log generated by v++ for new launch 
timestamp: 10 Mar 2025 23:10:09

------------------------------------------
VITIS-RUN command line :
------------------------------------------
/home/spence/Documents/misery/Vivado/Vitis/2024.2/bin/unwrapped/lnx64.o/vitis-run --mode hls --csim --config /home/spence/Documents/misery/college/RES/csr_vmul/csr_vmul/csr_vmul/hls-debug.cfg --config /home/spence/Documents/misery/college/RES/csr_vmul/csr_vmul/hls_config.cfg --work_dir csr_vmul 
  Options from -O    : 
  Options from *.ini : 
  Options from Hw Platform : 

==========================================
new:  steps log generated by v++ for new launch 
timestamp: 10 Mar 2025 23:12:14

------------------------------------------
VITIS-RUN command line :
------------------------------------------
/home/spence/Documents/misery/Vivado/Vitis/2024.2/bin/unwrapped/lnx64.o/vitis-run --mode hls --csim --config /home/spence/Documents/misery/college/RES/csr_vmul/csr_vmul/hls_config.cfg --work_dir csr_vmul 
  Options from -O    : 
  Options from *.ini : 
  Options from Hw Platform : 

==========================================
new:  steps log generated by v++ for new launch 
timestamp: 10 Mar 2025 23:14:47

------------------------------------------
VITIS-RUN command line :
------------------------------------------
/home/spence/Documents/misery/Vivado/Vitis/2024.2/bin/unwrapped/lnx64.o/vitis-run --mode hls --csim --config /home/spence/Documents/misery/college/RES/csr_vmul/csr_vmul/csr_vmul/hls-debug.cfg --config /home/spence/Documents/misery/college/RES/csr_vmul/csr_vmul/hls_config.cfg --work_dir csr_vmul 
  Options from -O    : 
  Options from *.ini : 
  Options from Hw Platform : 

==========================================
new:  steps log generated by v++ for new launch 
timestamp: 10 Mar 2025 23:15:29

------------------------------------------
VITIS-RUN command line :
------------------------------------------
/home/spence/Documents/misery/Vivado/Vitis/2024.2/bin/unwrapped/lnx64.o/vitis-run --mode hls --csim --config /home/spence/Documents/misery/college/RES/csr_vmul/csr_vmul/hls_config.cfg --work_dir csr_vmul 
  Options from -O    : 
  Options from *.ini : 
  Options from Hw Platform : 

==========================================
new:  steps log generated by v++ for new launch 
timestamp: 10 Mar 2025 23:21:45

------------------------------------------
VITIS-RUN command line :
------------------------------------------
/home/spence/Documents/misery/Vivado/Vitis/2024.2/bin/unwrapped/lnx64.o/vitis-run --mode hls --csim --config /home/spence/Documents/misery/college/RES/csr_vmul/csr_vmul/csr_vmul/hls-debug.cfg --config /home/spence/Documents/misery/college/RES/csr_vmul/csr_vmul/hls_config.cfg --work_dir csr_vmul 
  Options from -O    : 
  Options from *.ini : 
  Options from Hw Platform : 

==========================================
new:  steps log generated by v++ for new launch 
timestamp: 10 Mar 2025 23:21:54

------------------------------------------
VITIS-RUN command line :
------------------------------------------
/home/spence/Documents/misery/Vivado/Vitis/2024.2/bin/unwrapped/lnx64.o/vitis-run --mode hls --csim --config /home/spence/Documents/misery/college/RES/csr_vmul/csr_vmul/hls_config.cfg --work_dir csr_vmul 
  Options from -O    : 
  Options from *.ini : 
  Options from Hw Platform : 

==========================================
new:  steps log generated by v++ for new launch 
timestamp: 10 Mar 2025 23:24:05

------------------------------------------
V++ command line :
------------------------------------------
/home/spence/Documents/misery/Vivado/Vitis/2024.2/bin/unwrapped/lnx64.o/v++ -c --mode hls --config /home/spence/Documents/misery/college/RES/csr_vmul/csr_vmul/hls_config.cfg --work_dir csr_vmul 
  Options from -O    : 
  Options from *.ini : 
  Options from Hw Platform : 

==========================================
new:  steps log generated by v++ for new launch 
timestamp: 10 Mar 2025 23:24:16

------------------------------------------
VITIS-RUN command line :
------------------------------------------
/home/spence/Documents/misery/Vivado/Vitis/2024.2/bin/unwrapped/lnx64.o/vitis-run --mode hls --csim --config /home/spence/Documents/misery/college/RES/csr_vmul/csr_vmul/hls_config.cfg --work_dir csr_vmul 
  Options from -O    : 
  Options from *.ini : 
  Options from Hw Platform : 

==========================================
new:  steps log generated by v++ for new launch 
timestamp: 10 Mar 2025 23:26:28

------------------------------------------
VITIS-RUN command line :
------------------------------------------
/home/spence/Documents/misery/Vivado/Vitis/2024.2/bin/unwrapped/lnx64.o/vitis-run --mode hls --csim --config /home/spence/Documents/misery/college/RES/csr_vmul/csr_vmul/hls_config.cfg --work_dir csr_vmul 
  Options from -O    : 
  Options from *.ini : 
  Options from Hw Platform : 

==========================================
new:  steps log generated by v++ for new launch 
timestamp: 10 Mar 2025 23:28:32

------------------------------------------
VITIS-RUN command line :
------------------------------------------
/home/spence/Documents/misery/Vivado/Vitis/2024.2/bin/unwrapped/lnx64.o/vitis-run --mode hls --csim --config /home/spence/Documents/misery/college/RES/csr_vmul/csr_vmul/hls_config.cfg --work_dir csr_vmul 
  Options from -O    : 
  Options from *.ini : 
  Options from Hw Platform : 

==========================================
new:  steps log generated by v++ for new launch 
timestamp: 10 Mar 2025 23:29:33

------------------------------------------
VITIS-RUN command line :
------------------------------------------
/home/spence/Documents/misery/Vivado/Vitis/2024.2/bin/unwrapped/lnx64.o/vitis-run --mode hls --csim --config /home/spence/Documents/misery/college/RES/csr_vmul/csr_vmul/hls_config.cfg --work_dir csr_vmul 
  Options from -O    : 
  Options from *.ini : 
  Options from Hw Platform : 

==========================================
new:  steps log generated by v++ for new launch 
timestamp: 10 Mar 2025 23:30:06

------------------------------------------
VITIS-RUN command line :
------------------------------------------
/home/spence/Documents/misery/Vivado/Vitis/2024.2/bin/unwrapped/lnx64.o/vitis-run --mode hls --csim --config /home/spence/Documents/misery/college/RES/csr_vmul/csr_vmul/hls_config.cfg --work_dir csr_vmul 
  Options from -O    : 
  Options from *.ini : 
  Options from Hw Platform : 

==========================================
new:  steps log generated by v++ for new launch 
timestamp: 10 Mar 2025 23:31:09

------------------------------------------
V++ command line :
------------------------------------------
/home/spence/Documents/misery/Vivado/Vitis/2024.2/bin/unwrapped/lnx64.o/v++ -c --mode hls --config /home/spence/Documents/misery/college/RES/csr_vmul/csr_vmul/hls_config.cfg --work_dir csr_vmul 
  Options from -O    : 
  Options from *.ini : 
  Options from Hw Platform : 

==========================================
new:  steps log generated by v++ for new launch 
timestamp: 10 Mar 2025 23:31:41

------------------------------------------
VITIS-RUN command line :
------------------------------------------
/home/spence/Documents/misery/Vivado/Vitis/2024.2/bin/unwrapped/lnx64.o/vitis-run --mode hls --csim --config /home/spence/Documents/misery/college/RES/csr_vmul/csr_vmul/hls_config.cfg --work_dir csr_vmul 
  Options from -O    : 
  Options from *.ini : 
  Options from Hw Platform : 

==========================================
new:  steps log generated by v++ for new launch 
timestamp: 10 Mar 2025 23:34:06

------------------------------------------
V++ command line :
------------------------------------------
/home/spence/Documents/misery/Vivado/Vitis/2024.2/bin/unwrapped/lnx64.o/v++ -c --mode hls --config /home/spence/Documents/misery/college/RES/csr_vmul/csr_vmul/hls_config.cfg --work_dir csr_vmul 
  Options from -O    : 
  Options from *.ini : 
  Options from Hw Platform : 

==========================================
new:  steps log generated by v++ for new launch 
timestamp: 10 Mar 2025 23:34:35

------------------------------------------
V++ command line :
------------------------------------------
/home/spence/Documents/misery/Vivado/Vitis/2024.2/bin/unwrapped/lnx64.o/v++ -c --mode hls --config /home/spence/Documents/misery/college/RES/csr_vmul/csr_vmul/hls_config.cfg --work_dir csr_vmul 
  Options from -O    : 
  Options from *.ini : 
  Options from Hw Platform : 

==========================================
new:  steps log generated by v++ for new launch 
timestamp: 10 Mar 2025 23:37:57

------------------------------------------
VITIS-RUN command line :
------------------------------------------
/home/spence/Documents/misery/Vivado/Vitis/2024.2/bin/unwrapped/lnx64.o/vitis-run --mode hls --csim --config /home/spence/Documents/misery/college/RES/csr_vmul/csr_vmul/hls_config.cfg --work_dir csr_vmul 
  Options from -O    : 
  Options from *.ini : 
  Options from Hw Platform : 

==========================================
new:  steps log generated by v++ for new launch 
timestamp: 10 Mar 2025 23:38:26

------------------------------------------
V++ command line :
------------------------------------------
/home/spence/Documents/misery/Vivado/Vitis/2024.2/bin/unwrapped/lnx64.o/v++ -c --mode hls --config /home/spence/Documents/misery/college/RES/csr_vmul/csr_vmul/hls_config.cfg --work_dir csr_vmul 
  Options from -O    : 
  Options from *.ini : 
  Options from Hw Platform : 

==========================================
new:  steps log generated by v++ for new launch 
timestamp: 10 Mar 2025 23:38:36

------------------------------------------
VITIS-RUN command line :
------------------------------------------
/home/spence/Documents/misery/Vivado/Vitis/2024.2/bin/unwrapped/lnx64.o/vitis-run --mode hls --csim --config /home/spence/Documents/misery/college/RES/csr_vmul/csr_vmul/hls_config.cfg --work_dir csr_vmul 
  Options from -O    : 
  Options from *.ini : 
  Options from Hw Platform : 

==========================================
new:  steps log generated by v++ for new launch 
timestamp: 10 Mar 2025 23:39:45

------------------------------------------
V++ command line :
------------------------------------------
/home/spence/Documents/misery/Vivado/Vitis/2024.2/bin/unwrapped/lnx64.o/v++ -c --mode hls --config /home/spence/Documents/misery/college/RES/csr_vmul/csr_vmul/hls_config.cfg --work_dir csr_vmul 
  Options from -O    : 
  Options from *.ini : 
  Options from Hw Platform : 

==========================================
new:  steps log generated by v++ for new launch 
timestamp: 10 Mar 2025 23:40:13

------------------------------------------
V++ command line :
------------------------------------------
/home/spence/Documents/misery/Vivado/Vitis/2024.2/bin/unwrapped/lnx64.o/v++ -c --mode hls --config /home/spence/Documents/misery/college/RES/csr_vmul/csr_vmul/hls_config.cfg --work_dir csr_vmul 
  Options from -O    : 
  Options from *.ini : 
  Options from Hw Platform : 

==========================================
new:  steps log generated by v++ for new launch 
timestamp: 10 Mar 2025 23:41:36
