  **** HLS Build v2024.2 5238294
INFO: [HLS 200-2005] Using work_dir /home/spence/Documents/misery/college/RES/csr_vmul/csr_vmul/csr_vmul 
INFO: [HLS 200-1505] Using default flow_target 'vivado'
Resolution: For help on HLS 200-1505 see docs.xilinx.com/access/sources/dita/topic?Doc_Version=2024.2%20English&url=ug1448-hls-guidance&resourceid=200-1505.html
INFO: [HLS 200-1465] Applying ini 'syn.file=/home/spence/Documents/misery/college/RES/csr_vmul/csr_vmul/csr_vmul.cpp' from /home/spence/Documents/misery/college/RES/csr_vmul/csr_vmul/hls_config.cfg(7)
INFO: [HLS 200-10] Adding design file '/home/spence/Documents/misery/college/RES/csr_vmul/csr_vmul/csr_vmul.cpp' to the project
INFO: [HLS 200-1465] Applying ini 'syn.file=/home/spence/Documents/misery/college/RES/csr_vmul/csr_vmul/csr_vmul.h' from /home/spence/Documents/misery/college/RES/csr_vmul/csr_vmul/hls_config.cfg(8)
INFO: [HLS 200-10] Adding design file '/home/spence/Documents/misery/college/RES/csr_vmul/csr_vmul/csr_vmul.h' to the project
INFO: [HLS 200-1465] Applying ini 'tb.file=/home/spence/Documents/misery/college/RES/csr_vmul/csr_vmul/csr_vmul_tb.cpp' from /home/spence/Documents/misery/college/RES/csr_vmul/csr_vmul/hls_config.cfg(9)
INFO: [HLS 200-10] Adding test bench file '/home/spence/Documents/misery/college/RES/csr_vmul/csr_vmul/csr_vmul_tb.cpp' to the project
INFO: [HLS 200-1465] Applying ini 'syn.top=csr_vmul' from /home/spence/Documents/misery/college/RES/csr_vmul/csr_vmul/hls_config.cfg(11)
INFO: [HLS 200-1465] Applying ini 'flow_target=vivado' from /home/spence/Documents/misery/college/RES/csr_vmul/csr_vmul/hls_config.cfg(4)
INFO: [HLS 200-1505] Using flow_target 'vivado'
Resolution: For help on HLS 200-1505 see docs.xilinx.com/access/sources/dita/topic?Doc_Version=2024.2%20English&url=ug1448-hls-guidance&resourceid=200-1505.html
INFO: [HLS 200-1465] Applying ini 'part=xc7z020clg400-1' from /home/spence/Documents/misery/college/RES/csr_vmul/csr_vmul/hls_config.cfg(1)
INFO: [HLS 200-1611] Setting target device to 'xc7z020-clg400-1'
INFO: [HLS 200-1465] Applying ini 'csim.code_analyzer=1' from /home/spence/Documents/misery/college/RES/csr_vmul/csr_vmul/hls_config.cfg(10)
INFO: [HLS 200-1465] Applying ini 'package.output.format=ip_catalog' from /home/spence/Documents/misery/college/RES/csr_vmul/csr_vmul/hls_config.cfg(5)
INFO: [HLS 200-111] Finished File checks and directory preparation: CPU user time: 1.83 seconds. CPU system time: 0.17 seconds. Elapsed time: 1.88 seconds; current allocated memory: 659.621 MB.
INFO: [HLS 200-10] Analyzing design file 'csr_vmul.cpp' ... 
INFO: [HLS 200-111] Finished Source Code Analysis and Preprocessing: CPU user time: 0.13 seconds. CPU system time: 0.15 seconds. Elapsed time: 0.29 seconds; current allocated memory: 661.797 MB.
INFO: [HLS 200-777] Using interface defaults for 'Vivado' flow target.
INFO: [HLS 200-1995] There were 77 instructions in the design after the 'Compile/Link' phase of compilation. See the Design Size Report for more details: /home/spence/Documents/misery/college/RES/csr_vmul/csr_vmul/csr_vmul/hls/syn/report/csynth_design_size.rpt
INFO: [HLS 200-1995] There were 61 instructions in the design after the 'Unroll/Inline (step 1)' phase of compilation. See the Design Size Report for more details: /home/spence/Documents/misery/college/RES/csr_vmul/csr_vmul/csr_vmul/hls/syn/report/csynth_design_size.rpt
INFO: [HLS 200-1995] There were 48 instructions in the design after the 'Unroll/Inline (step 2)' phase of compilation. See the Design Size Report for more details: /home/spence/Documents/misery/college/RES/csr_vmul/csr_vmul/csr_vmul/hls/syn/report/csynth_design_size.rpt
INFO: [HLS 200-1995] There were 55 instructions in the design after the 'Unroll/Inline (step 3)' phase of compilation. See the Design Size Report for more details: /home/spence/Documents/misery/college/RES/csr_vmul/csr_vmul/csr_vmul/hls/syn/report/csynth_design_size.rpt
INFO: [HLS 200-1995] There were 55 instructions in the design after the 'Unroll/Inline (step 4)' phase of compilation. See the Design Size Report for more details: /home/spence/Documents/misery/college/RES/csr_vmul/csr_vmul/csr_vmul/hls/syn/report/csynth_design_size.rpt
INFO: [HLS 200-1995] There were 53 instructions in the design after the 'Array/Struct (step 1)' phase of compilation. See the Design Size Report for more details: /home/spence/Documents/misery/college/RES/csr_vmul/csr_vmul/csr_vmul/hls/syn/report/csynth_design_size.rpt
INFO: [HLS 200-1995] There were 53 instructions in the design after the 'Array/Struct (step 2)' phase of compilation. See the Design Size Report for more details: /home/spence/Documents/misery/college/RES/csr_vmul/csr_vmul/csr_vmul/hls/syn/report/csynth_design_size.rpt
INFO: [HLS 200-1995] There were 53 instructions in the design after the 'Array/Struct (step 3)' phase of compilation. See the Design Size Report for more details: /home/spence/Documents/misery/college/RES/csr_vmul/csr_vmul/csr_vmul/hls/syn/report/csynth_design_size.rpt
INFO: [HLS 200-1995] There were 53 instructions in the design after the 'Array/Struct (step 4)' phase of compilation. See the Design Size Report for more details: /home/spence/Documents/misery/college/RES/csr_vmul/csr_vmul/csr_vmul/hls/syn/report/csynth_design_size.rpt
INFO: [HLS 200-1995] There were 66 instructions in the design after the 'Array/Struct (step 5)' phase of compilation. See the Design Size Report for more details: /home/spence/Documents/misery/college/RES/csr_vmul/csr_vmul/csr_vmul/hls/syn/report/csynth_design_size.rpt
INFO: [HLS 200-1995] There were 66 instructions in the design after the 'Performance (step 1)' phase of compilation. See the Design Size Report for more details: /home/spence/Documents/misery/college/RES/csr_vmul/csr_vmul/csr_vmul/hls/syn/report/csynth_design_size.rpt
INFO: [HLS 200-1995] There were 65 instructions in the design after the 'Performance (step 2)' phase of compilation. See the Design Size Report for more details: /home/spence/Documents/misery/college/RES/csr_vmul/csr_vmul/csr_vmul/hls/syn/report/csynth_design_size.rpt
INFO: [HLS 200-1995] There were 65 instructions in the design after the 'Performance (step 3)' phase of compilation. See the Design Size Report for more details: /home/spence/Documents/misery/college/RES/csr_vmul/csr_vmul/csr_vmul/hls/syn/report/csynth_design_size.rpt
INFO: [HLS 200-1995] There were 65 instructions in the design after the 'Performance (step 4)' phase of compilation. See the Design Size Report for more details: /home/spence/Documents/misery/college/RES/csr_vmul/csr_vmul/csr_vmul/hls/syn/report/csynth_design_size.rpt
INFO: [HLS 200-1995] There were 92 instructions in the design after the 'HW Transforms (step 1)' phase of compilation. See the Design Size Report for more details: /home/spence/Documents/misery/college/RES/csr_vmul/csr_vmul/csr_vmul/hls/syn/report/csynth_design_size.rpt
INFO: [HLS 200-1995] There were 93 instructions in the design after the 'HW Transforms (step 2)' phase of compilation. See the Design Size Report for more details: /home/spence/Documents/misery/college/RES/csr_vmul/csr_vmul/csr_vmul/hls/syn/report/csynth_design_size.rpt
INFO: [HLS 214-210] Disaggregating variable 'matrix'
Resolution: For help on HLS 214-210 see docs.xilinx.com/access/sources/dita/topic?Doc_Version=2024.2%20English&url=ug1448-hls-guidance&resourceid=214-210.html
INFO: [HLS 214-210] Disaggregating variable 'vector'
Resolution: For help on HLS 214-210 see docs.xilinx.com/access/sources/dita/topic?Doc_Version=2024.2%20English&url=ug1448-hls-guidance&resourceid=214-210.html
INFO: [HLS 214-210] Disaggregating variable 'out'
Resolution: For help on HLS 214-210 see docs.xilinx.com/access/sources/dita/topic?Doc_Version=2024.2%20English&url=ug1448-hls-guidance&resourceid=214-210.html
INFO: [HLS 214-291] Loop 'VITIS_LOOP_47_2' is marked as complete unroll implied by the pipeline pragma (csr_vmul.cpp:47:22)
INFO: [HLS 214-437] Automatically disabling loop flattening for loop 'VITIS_LOOP_41_1'. (csr_vmul.cpp:41:20)
INFO: [HLS 214-115] Multiple burst writes of variable length and bit width 32 in loop 'VITIS_LOOP_41_1'(csr_vmul.cpp:41:20) has been inferred on bundle 'gmem'. These burst requests might be further partitioned into multiple requests during RTL generation, based on max_read_burst_length or max_write_burst_length settings. (csr_vmul.cpp:41:20)
INFO: [HLS 214-115] Multiple burst reads of length 2 and bit width 32 has been inferred on bundle 'gmem'. These burst requests might be further partitioned into multiple requests during RTL generation, based on max_read_burst_length or max_write_burst_length settings. (csr_vmul.cpp:47:35)
WARNING: [HLS 214-187] Cannot unroll loop 'VITIS_LOOP_47_2' (csr_vmul.cpp:47:22) in function 'csr_vmul' as it has a variable trip count (csr_vmul.cpp:47:22)
INFO: [HLS 200-111] Finished Compiling Optimization and Transform: CPU user time: 1.09 seconds. CPU system time: 0.22 seconds. Elapsed time: 6.16 seconds; current allocated memory: 663.852 MB.
INFO: [HLS 200-111] Finished Checking Pragmas: CPU user time: 0 seconds. CPU system time: 0 seconds. Elapsed time: 0.01 seconds; current allocated memory: 663.852 MB.
INFO: [HLS 200-10] Starting code transformations ...
INFO: [HLS 200-111] Finished Standard Transforms: CPU user time: 0 seconds. CPU system time: 0 seconds. Elapsed time: 0 seconds; current allocated memory: 663.969 MB.
INFO: [HLS 200-10] Checking synthesizability ...
INFO: [HLS 200-111] Finished Checking Synthesizability: CPU user time: 0.01 seconds. CPU system time: 0 seconds. Elapsed time: 0 seconds; current allocated memory: 664.020 MB.
INFO: [HLS 200-111] Finished Loop, function and other optimizations: CPU user time: 0.01 seconds. CPU system time: 0.01 seconds. Elapsed time: 0.01 seconds; current allocated memory: 685.430 MB.
INFO: [HLS 200-111] Finished Architecture Synthesis: CPU user time: 0.02 seconds. CPU system time: 0 seconds. Elapsed time: 0.02 seconds; current allocated memory: 685.430 MB.
INFO: [HLS 200-10] Starting hardware synthesis ...
INFO: [HLS 200-10] Synthesizing 'csr_vmul' ...
INFO: [SYN 201-201] Setting up clock 'default' with a period of 10ns.
INFO: [HLS 200-10] ----------------------------------------------------------------
INFO: [HLS 200-42] -- Implementing module 'csr_vmul' 
INFO: [HLS 200-10] ----------------------------------------------------------------
INFO: [SCHED 204-11] Starting scheduling ...
WARNING: [SCHED 204-65] Unable to satisfy pipeline directive for loop 'VITIS_LOOP_41_1': contains subloop(s) that are not unrolled or flattened.
INFO: [SCHED 204-11] Finished scheduling.
INFO: [HLS 200-111] Finished Scheduling: CPU user time: 0.04 seconds. CPU system time: 0 seconds. Elapsed time: 0.05 seconds; current allocated memory: 685.430 MB.
INFO: [BIND 205-100] Starting micro-architecture generation ...
INFO: [BIND 205-101] Performing variable lifetime analysis.
INFO: [BIND 205-101] Exploring resource sharing.
INFO: [BIND 205-101] Binding ...
INFO: [BIND 205-100] Finished micro-architecture generation.
INFO: [HLS 200-111] Finished Binding: CPU user time: 0.01 seconds. CPU system time: 0 seconds. Elapsed time: 0.02 seconds; current allocated memory: 685.430 MB.
INFO: [HLS 200-10] ----------------------------------------------------------------
INFO: [HLS 200-10] -- Generating RTL for module 'csr_vmul' 
INFO: [HLS 200-10] ----------------------------------------------------------------
WARNING: [RTGEN 206-101] Design contains AXI ports. Reset is fixed to synchronous and active low.
INFO: [RTGEN 206-500] Setting interface mode on port 'csr_vmul/gmem' to 'm_axi'.
INFO: [RTGEN 206-500] Setting interface mode on port 'csr_vmul/matrix_row_count' to 's_axilite & ap_none'.
INFO: [RTGEN 206-500] Setting interface mode on port 'csr_vmul/matrix_col_count' to 's_axilite & ap_none'.
INFO: [RTGEN 206-500] Setting interface mode on port 'csr_vmul/matrix_non_zero_count' to 's_axilite & ap_none'.
INFO: [RTGEN 206-500] Setting interface mode on port 'csr_vmul/matrix_row_pointers' to 's_axilite & ap_none'.
INFO: [RTGEN 206-500] Setting interface mode on port 'csr_vmul/matrix_col_indices' to 's_axilite & ap_none'.
INFO: [RTGEN 206-500] Setting interface mode on port 'csr_vmul/matrix_values' to 's_axilite & ap_none'.
INFO: [RTGEN 206-500] Setting interface mode on port 'csr_vmul/vector_values' to 's_axilite & ap_none'.
INFO: [RTGEN 206-500] Setting interface mode on port 'csr_vmul/vector_count' to 's_axilite & ap_none'.
INFO: [RTGEN 206-500] Setting interface mode on port 'csr_vmul/out_values' to 's_axilite & ap_none'.
INFO: [RTGEN 206-500] Setting interface mode on port 'csr_vmul/out_count' to 's_axilite & ap_vld'.
INFO: [RTGEN 206-500] Setting interface mode on function 'csr_vmul' to 's_axilite & ap_ctrl_hs'.
INFO: [RTGEN 206-100] Bundling port 'matrix_row_count', 'matrix_col_count', 'matrix_non_zero_count', 'vector_count', 'out_count' to AXI-Lite port control.
INFO: [RTGEN 206-100] Bundling port 'matrix_row_pointers', 'matrix_col_indices', 'matrix_values', 'vector_values' and 'out_values' to AXI-Lite port control_r.
INFO: [RTGEN 206-100] Generating core module 'fadd_32ns_32ns_32_5_full_dsp_1': 1 instance(s).
INFO: [RTGEN 206-100] Generating core module 'fmul_32ns_32ns_32_4_max_dsp_1': 1 instance(s).
INFO: [RTGEN 206-100] Finished creating RTL model for 'csr_vmul'.
INFO: [HLS 200-111] Finished Creating RTL model: CPU user time: 0.03 seconds. CPU system time: 0 seconds. Elapsed time: 0.02 seconds; current allocated memory: 685.430 MB.
INFO: [HLS 200-111] Finished Generating all RTL models: CPU user time: 0.11 seconds. CPU system time: 0.01 seconds. Elapsed time: 0.12 seconds; current allocated memory: 685.430 MB.
INFO: [HLS 200-1603] Design has inferred MAXI bursts and missed bursts, see Vitis HLS GUI synthesis summary report for detailed information.
INFO: [HLS 200-111] Finished Updating report files: CPU user time: 0.28 seconds. CPU system time: 0.01 seconds. Elapsed time: 0.28 seconds; current allocated memory: 686.016 MB.
INFO: [VHDL 208-304] Generating VHDL RTL for csr_vmul.
INFO: [VLOG 209-307] Generating Verilog RTL for csr_vmul.
INFO: [HLS 200-790] **** Loop Constraint Status: All loop constraints were satisfied.
INFO: [HLS 200-789] **** Estimated Fmax: 136.99 MHz
INFO: [HLS 200-112] Total CPU user time: 3.56 seconds. Total CPU system time: 0.57 seconds. Total elapsed time: 8.89 seconds; peak allocated memory: 686.016 MB.
INFO: [v++ 60-791] Total elapsed time: 0h 0m 12s
